<?xml version="1.0" encoding="UTF-8"?>
<!-- Generated by org.testng.reporters.JUnitXMLReporter -->
<testsuite ignored="0" hostname="Farnass-MacBook-Air.local" failures="4" tests="16" name="Default test" time="832.981" errors="0" timestamp="2026-04-27T09:29:30 GMT+06:00">
  <testcase classname="farnasutsho.AppiumFramework.IOS.ServerStatusCheck" name="serverTest" time="10.991">
    <failure type="org.openqa.selenium.NoSuchElementException" message="An element could not be located on the page using the given search parameters.
For documentation on this error, please visit: https://www.selenium.dev/documentation/webdriver/troubleshooting/errors#nosuchelementexception
Build info: version: &amp;apos;4.43.0&amp;apos;, revision: &amp;apos;dd0f534&amp;apos;
System info: os.name: &amp;apos;Mac OS X&amp;apos;, os.arch: &amp;apos;aarch64&amp;apos;, os.version: &amp;apos;26.3.1&amp;apos;, java.version: &amp;apos;26&amp;apos;
Driver info: io.appium.java_client.ios.IOSDriver
Command: [9dd9e614-bb78-45ba-9192-3943df15b20f, findElement {value=name BEGINSWITH &amp;apos;India - 2&amp;apos; AND name CONTAINS &amp;apos;ms&amp;apos;, using=-ios predicate string}]
Capabilities {appium:automationName: XCuiTest, appium:bundleId: com.enovavpn.mobile, appium:databaseEnabled: false, appium:deviceName: iPad, appium:javascriptEnabled: true, appium:locationContextEnabled: false, appium:networkConnectionEnabled: false, appium:noReset: true, appium:platformVersion: 26.3, appium:showXcodeLog: true, appium:takesScreenshot: true, appium:udid: 00008101-000339611A79A01E, appium:useNewWDA: true, appium:wdaLaunchTimeout: 100000, appium:webStorageEnabled: false, appium:xcodeOrgId: 37Q2WF67T5, appium:xcodeSigningId: iPhone Developer, platformName: IOS}
Session ID: 9dd9e614-bb78-45ba-9192-3943df15b20f">
      <![CDATA[org.openqa.selenium.NoSuchElementException: An element could not be located on the page using the given search parameters.
For documentation on this error, please visit: https://www.selenium.dev/documentation/webdriver/troubleshooting/errors#nosuchelementexception
Build info: version: '4.43.0', revision: 'dd0f534'
System info: os.name: 'Mac OS X', os.arch: 'aarch64', os.version: '26.3.1', java.version: '26'
Driver info: io.appium.java_client.ios.IOSDriver
Command: [9dd9e614-bb78-45ba-9192-3943df15b20f, findElement {value=name BEGINSWITH 'India - 2' AND name CONTAINS 'ms', using=-ios predicate string}]
Capabilities {appium:automationName: XCuiTest, appium:bundleId: com.enovavpn.mobile, appium:databaseEnabled: false, appium:deviceName: iPad, appium:javascriptEnabled: true, appium:locationContextEnabled: false, appium:networkConnectionEnabled: false, appium:noReset: true, appium:platformVersion: 26.3, appium:showXcodeLog: true, appium:takesScreenshot: true, appium:udid: 00008101-000339611A79A01E, appium:useNewWDA: true, appium:wdaLaunchTimeout: 100000, appium:webStorageEnabled: false, appium:xcodeOrgId: 37Q2WF67T5, appium:xcodeSigningId: iPhone Developer, platformName: IOS}
Session ID: 9dd9e614-bb78-45ba-9192-3943df15b20f
at org.openqa.selenium.remote.ErrorCodec.decode(ErrorCodec.java:169)
at org.openqa.selenium.remote.codec.w3c.W3CHttpResponseCodec.decode(W3CHttpResponseCodec.java:142)
at org.openqa.selenium.remote.codec.w3c.W3CHttpResponseCodec.decode(W3CHttpResponseCodec.java:49)
at org.openqa.selenium.remote.HttpCommandExecutor.execute(HttpCommandExecutor.java:223)
at io.appium.java_client.remote.AppiumCommandExecutor.execute(AppiumCommandExecutor.java:235)
at org.openqa.selenium.remote.RemoteWebDriver.execute(RemoteWebDriver.java:606)
at org.openqa.selenium.remote.ElementLocation$ElementFinder$2.findElement(ElementLocation.java:166)
at org.openqa.selenium.remote.ElementLocation.findElement(ElementLocation.java:67)
at org.openqa.selenium.remote.RemoteWebDriver.findElement(RemoteWebDriver.java:429)
at org.openqa.selenium.remote.RemoteWebDriver.findElement(RemoteWebDriver.java:423)
at farnasutsho.AppiumFramework.iOS.IOSLocationPage.SelectServer(IOSLocationPage.java:50)
at farnasutsho.AppiumFramework.IOS.ServerStatusCheck.serverTest(ServerStatusCheck.java:55)
at java.base/jdk.internal.reflect.DirectMethodHandleAccessor.invoke(DirectMethodHandleAccessor.java:104)
at java.base/java.lang.reflect.Method.invoke(Method.java:565)
at org.testng.internal.invokers.MethodInvocationHelper.invokeMethod(MethodInvocationHelper.java:141)
at org.testng.internal.invokers.TestInvoker.invokeMethod(TestInvoker.java:687)
at org.testng.internal.invokers.TestInvoker.invokeTestMethod(TestInvoker.java:230)
at org.testng.internal.invokers.MethodRunner.runInSequence(MethodRunner.java:63)
at org.testng.internal.invokers.TestInvoker$MethodInvocationAgent.invoke(TestInvoker.java:995)
at org.testng.internal.invokers.TestInvoker.invokeTestMethods(TestInvoker.java:203)
at org.testng.internal.invokers.TestMethodWorker.invokeTestMethods(TestMethodWorker.java:154)
at org.testng.internal.invokers.TestMethodWorker.run(TestMethodWorker.java:134)
at java.base/java.util.ArrayList.forEach(ArrayList.java:1612)
at org.testng.TestRunner.privateRun(TestRunner.java:741)
at org.testng.TestRunner.run(TestRunner.java:616)
at org.testng.SuiteRunner.runTest(SuiteRunner.java:421)
at org.testng.SuiteRunner.runSequentially(SuiteRunner.java:413)
at org.testng.SuiteRunner.privateRun(SuiteRunner.java:373)
at org.testng.SuiteRunner.run(SuiteRunner.java:312)
at org.testng.SuiteRunnerWorker.runSuite(SuiteRunnerWorker.java:52)
at org.testng.SuiteRunnerWorker.run(SuiteRunnerWorker.java:95)
at org.testng.TestNG.runSuitesSequentially(TestNG.java:1274)
at org.testng.TestNG.runSuitesLocally(TestNG.java:1208)
at org.testng.TestNG.runSuites(TestNG.java:1112)
at org.testng.TestNG.run(TestNG.java:1079)
at org.testng.remote.AbstractRemoteTestNG.run(AbstractRemoteTestNG.java:115)
at org.testng.remote.RemoteTestNG.initAndRun(RemoteTestNG.java:293)
at org.testng.remote.RemoteTestNG.main(RemoteTestNG.java:91)
]]>
    </failure>
  </testcase> <!-- serverTest -->
  <testcase classname="farnasutsho.AppiumFramework.IOS.ServerStatusCheck" name="serverTest" time="58.958"/>
  <testcase classname="farnasutsho.AppiumFramework.IOS.ServerStatusCheck" name="serverTest" time="57.754"/>
  <testcase classname="farnasutsho.AppiumFramework.IOS.ServerStatusCheck" name="serverTest" time="64.622"/>
  <testcase classname="farnasutsho.AppiumFramework.IOS.ServerStatusCheck" name="serverTest" time="57.6"/>
  <testcase classname="farnasutsho.AppiumFramework.IOS.ServerStatusCheck" name="serverTest" time="57.341"/>
  <testcase classname="farnasutsho.AppiumFramework.IOS.ServerStatusCheck" name="serverTest" time="21.254">
    <failure type="org.openqa.selenium.NoSuchElementException" message="An element could not be located on the page using the given search parameters.
For documentation on this error, please visit: https://www.selenium.dev/documentation/webdriver/troubleshooting/errors#nosuchelementexception
Build info: version: &amp;apos;4.43.0&amp;apos;, revision: &amp;apos;dd0f534&amp;apos;
System info: os.name: &amp;apos;Mac OS X&amp;apos;, os.arch: &amp;apos;aarch64&amp;apos;, os.version: &amp;apos;26.3.1&amp;apos;, java.version: &amp;apos;26&amp;apos;
Driver info: io.appium.java_client.ios.IOSDriver
Command: [9dd9e614-bb78-45ba-9192-3943df15b20f, findElement {value=name BEGINSWITH &amp;apos;Netherlands - 5&amp;apos; AND name CONTAINS &amp;apos;ms&amp;apos;, using=-ios predicate string}]
Capabilities {appium:automationName: XCuiTest, appium:bundleId: com.enovavpn.mobile, appium:databaseEnabled: false, appium:deviceName: iPad, appium:javascriptEnabled: true, appium:locationContextEnabled: false, appium:networkConnectionEnabled: false, appium:noReset: true, appium:platformVersion: 26.3, appium:showXcodeLog: true, appium:takesScreenshot: true, appium:udid: 00008101-000339611A79A01E, appium:useNewWDA: true, appium:wdaLaunchTimeout: 100000, appium:webStorageEnabled: false, appium:xcodeOrgId: 37Q2WF67T5, appium:xcodeSigningId: iPhone Developer, platformName: IOS}
Session ID: 9dd9e614-bb78-45ba-9192-3943df15b20f">
      <![CDATA[org.openqa.selenium.NoSuchElementException: An element could not be located on the page using the given search parameters.
For documentation on this error, please visit: https://www.selenium.dev/documentation/webdriver/troubleshooting/errors#nosuchelementexception
Build info: version: '4.43.0', revision: 'dd0f534'
System info: os.name: 'Mac OS X', os.arch: 'aarch64', os.version: '26.3.1', java.version: '26'
Driver info: io.appium.java_client.ios.IOSDriver
Command: [9dd9e614-bb78-45ba-9192-3943df15b20f, findElement {value=name BEGINSWITH 'Netherlands - 5' AND name CONTAINS 'ms', using=-ios predicate string}]
Capabilities {appium:automationName: XCuiTest, appium:bundleId: com.enovavpn.mobile, appium:databaseEnabled: false, appium:deviceName: iPad, appium:javascriptEnabled: true, appium:locationContextEnabled: false, appium:networkConnectionEnabled: false, appium:noReset: true, appium:platformVersion: 26.3, appium:showXcodeLog: true, appium:takesScreenshot: true, appium:udid: 00008101-000339611A79A01E, appium:useNewWDA: true, appium:wdaLaunchTimeout: 100000, appium:webStorageEnabled: false, appium:xcodeOrgId: 37Q2WF67T5, appium:xcodeSigningId: iPhone Developer, platformName: IOS}
Session ID: 9dd9e614-bb78-45ba-9192-3943df15b20f
at org.openqa.selenium.remote.ErrorCodec.decode(ErrorCodec.java:169)
at org.openqa.selenium.remote.codec.w3c.W3CHttpResponseCodec.decode(W3CHttpResponseCodec.java:142)
at org.openqa.selenium.remote.codec.w3c.W3CHttpResponseCodec.decode(W3CHttpResponseCodec.java:49)
at org.openqa.selenium.remote.HttpCommandExecutor.execute(HttpCommandExecutor.java:223)
at io.appium.java_client.remote.AppiumCommandExecutor.execute(AppiumCommandExecutor.java:235)
at org.openqa.selenium.remote.RemoteWebDriver.execute(RemoteWebDriver.java:606)
at org.openqa.selenium.remote.ElementLocation$ElementFinder$2.findElement(ElementLocation.java:166)
at org.openqa.selenium.remote.ElementLocation.findElement(ElementLocation.java:60)
at org.openqa.selenium.remote.RemoteWebDriver.findElement(RemoteWebDriver.java:429)
at org.openqa.selenium.remote.RemoteWebDriver.findElement(RemoteWebDriver.java:423)
at farnasutsho.AppiumFramework.iOS.IOSLocationPage.SelectServer(IOSLocationPage.java:50)
at farnasutsho.AppiumFramework.IOS.ServerStatusCheck.serverTest(ServerStatusCheck.java:58)
at java.base/jdk.internal.reflect.DirectMethodHandleAccessor.invoke(DirectMethodHandleAccessor.java:104)
at java.base/java.lang.reflect.Method.invoke(Method.java:565)
at org.testng.internal.invokers.MethodInvocationHelper.invokeMethod(MethodInvocationHelper.java:141)
at org.testng.internal.invokers.TestInvoker.invokeMethod(TestInvoker.java:687)
at org.testng.internal.invokers.TestInvoker.invokeTestMethod(TestInvoker.java:230)
at org.testng.internal.invokers.MethodRunner.runInSequence(MethodRunner.java:63)
at org.testng.internal.invokers.TestInvoker$MethodInvocationAgent.invoke(TestInvoker.java:995)
at org.testng.internal.invokers.TestInvoker.invokeTestMethods(TestInvoker.java:203)
at org.testng.internal.invokers.TestMethodWorker.invokeTestMethods(TestMethodWorker.java:154)
at org.testng.internal.invokers.TestMethodWorker.run(TestMethodWorker.java:134)
at java.base/java.util.ArrayList.forEach(ArrayList.java:1612)
at org.testng.TestRunner.privateRun(TestRunner.java:741)
at org.testng.TestRunner.run(TestRunner.java:616)
at org.testng.SuiteRunner.runTest(SuiteRunner.java:421)
at org.testng.SuiteRunner.runSequentially(SuiteRunner.java:413)
at org.testng.SuiteRunner.privateRun(SuiteRunner.java:373)
at org.testng.SuiteRunner.run(SuiteRunner.java:312)
at org.testng.SuiteRunnerWorker.runSuite(SuiteRunnerWorker.java:52)
at org.testng.SuiteRunnerWorker.run(SuiteRunnerWorker.java:95)
at org.testng.TestNG.runSuitesSequentially(TestNG.java:1274)
at org.testng.TestNG.runSuitesLocally(TestNG.java:1208)
at org.testng.TestNG.runSuites(TestNG.java:1112)
at org.testng.TestNG.run(TestNG.java:1079)
at org.testng.remote.AbstractRemoteTestNG.run(AbstractRemoteTestNG.java:115)
at org.testng.remote.RemoteTestNG.initAndRun(RemoteTestNG.java:293)
at org.testng.remote.RemoteTestNG.main(RemoteTestNG.java:91)
]]>
    </failure>
  </testcase> <!-- serverTest -->
  <testcase classname="farnasutsho.AppiumFramework.IOS.ServerStatusCheck" name="serverTest" time="10.827">
    <failure type="org.openqa.selenium.NoSuchElementException" message="An element could not be located on the page using the given search parameters.
For documentation on this error, please visit: https://www.selenium.dev/documentation/webdriver/troubleshooting/errors#nosuchelementexception
Build info: version: &amp;apos;4.43.0&amp;apos;, revision: &amp;apos;dd0f534&amp;apos;
System info: os.name: &amp;apos;Mac OS X&amp;apos;, os.arch: &amp;apos;aarch64&amp;apos;, os.version: &amp;apos;26.3.1&amp;apos;, java.version: &amp;apos;26&amp;apos;
Driver info: io.appium.java_client.ios.IOSDriver
Command: [9dd9e614-bb78-45ba-9192-3943df15b20f, findElement {value=name BEGINSWITH &amp;apos;Singapore - 1&amp;apos; AND name CONTAINS &amp;apos;ms&amp;apos;, using=-ios predicate string}]
Capabilities {appium:automationName: XCuiTest, appium:bundleId: com.enovavpn.mobile, appium:databaseEnabled: false, appium:deviceName: iPad, appium:javascriptEnabled: true, appium:locationContextEnabled: false, appium:networkConnectionEnabled: false, appium:noReset: true, appium:platformVersion: 26.3, appium:showXcodeLog: true, appium:takesScreenshot: true, appium:udid: 00008101-000339611A79A01E, appium:useNewWDA: true, appium:wdaLaunchTimeout: 100000, appium:webStorageEnabled: false, appium:xcodeOrgId: 37Q2WF67T5, appium:xcodeSigningId: iPhone Developer, platformName: IOS}
Session ID: 9dd9e614-bb78-45ba-9192-3943df15b20f">
      <![CDATA[org.openqa.selenium.NoSuchElementException: An element could not be located on the page using the given search parameters.
For documentation on this error, please visit: https://www.selenium.dev/documentation/webdriver/troubleshooting/errors#nosuchelementexception
Build info: version: '4.43.0', revision: 'dd0f534'
System info: os.name: 'Mac OS X', os.arch: 'aarch64', os.version: '26.3.1', java.version: '26'
Driver info: io.appium.java_client.ios.IOSDriver
Command: [9dd9e614-bb78-45ba-9192-3943df15b20f, findElement {value=name BEGINSWITH 'Singapore - 1' AND name CONTAINS 'ms', using=-ios predicate string}]
Capabilities {appium:automationName: XCuiTest, appium:bundleId: com.enovavpn.mobile, appium:databaseEnabled: false, appium:deviceName: iPad, appium:javascriptEnabled: true, appium:locationContextEnabled: false, appium:networkConnectionEnabled: false, appium:noReset: true, appium:platformVersion: 26.3, appium:showXcodeLog: true, appium:takesScreenshot: true, appium:udid: 00008101-000339611A79A01E, appium:useNewWDA: true, appium:wdaLaunchTimeout: 100000, appium:webStorageEnabled: false, appium:xcodeOrgId: 37Q2WF67T5, appium:xcodeSigningId: iPhone Developer, platformName: IOS}
Session ID: 9dd9e614-bb78-45ba-9192-3943df15b20f
at org.openqa.selenium.remote.ErrorCodec.decode(ErrorCodec.java:169)
at org.openqa.selenium.remote.codec.w3c.W3CHttpResponseCodec.decode(W3CHttpResponseCodec.java:142)
at org.openqa.selenium.remote.codec.w3c.W3CHttpResponseCodec.decode(W3CHttpResponseCodec.java:49)
at org.openqa.selenium.remote.HttpCommandExecutor.execute(HttpCommandExecutor.java:223)
at io.appium.java_client.remote.AppiumCommandExecutor.execute(AppiumCommandExecutor.java:235)
at org.openqa.selenium.remote.RemoteWebDriver.execute(RemoteWebDriver.java:606)
at org.openqa.selenium.remote.ElementLocation$ElementFinder$2.findElement(ElementLocation.java:166)
at org.openqa.selenium.remote.ElementLocation.findElement(ElementLocation.java:60)
at org.openqa.selenium.remote.RemoteWebDriver.findElement(RemoteWebDriver.java:429)
at org.openqa.selenium.remote.RemoteWebDriver.findElement(RemoteWebDriver.java:423)
at farnasutsho.AppiumFramework.iOS.IOSLocationPage.SelectServer(IOSLocationPage.java:50)
at farnasutsho.AppiumFramework.IOS.ServerStatusCheck.serverTest(ServerStatusCheck.java:55)
at java.base/jdk.internal.reflect.DirectMethodHandleAccessor.invoke(DirectMethodHandleAccessor.java:104)
at java.base/java.lang.reflect.Method.invoke(Method.java:565)
at org.testng.internal.invokers.MethodInvocationHelper.invokeMethod(MethodInvocationHelper.java:141)
at org.testng.internal.invokers.TestInvoker.invokeMethod(TestInvoker.java:687)
at org.testng.internal.invokers.TestInvoker.invokeTestMethod(TestInvoker.java:230)
at org.testng.internal.invokers.MethodRunner.runInSequence(MethodRunner.java:63)
at org.testng.internal.invokers.TestInvoker$MethodInvocationAgent.invoke(TestInvoker.java:995)
at org.testng.internal.invokers.TestInvoker.invokeTestMethods(TestInvoker.java:203)
at org.testng.internal.invokers.TestMethodWorker.invokeTestMethods(TestMethodWorker.java:154)
at org.testng.internal.invokers.TestMethodWorker.run(TestMethodWorker.java:134)
at java.base/java.util.ArrayList.forEach(ArrayList.java:1612)
at org.testng.TestRunner.privateRun(TestRunner.java:741)
at org.testng.TestRunner.run(TestRunner.java:616)
at org.testng.SuiteRunner.runTest(SuiteRunner.java:421)
at org.testng.SuiteRunner.runSequentially(SuiteRunner.java:413)
at org.testng.SuiteRunner.privateRun(SuiteRunner.java:373)
at org.testng.SuiteRunner.run(SuiteRunner.java:312)
at org.testng.SuiteRunnerWorker.runSuite(SuiteRunnerWorker.java:52)
at org.testng.SuiteRunnerWorker.run(SuiteRunnerWorker.java:95)
at org.testng.TestNG.runSuitesSequentially(TestNG.java:1274)
at org.testng.TestNG.runSuitesLocally(TestNG.java:1208)
at org.testng.TestNG.runSuites(TestNG.java:1112)
at org.testng.TestNG.run(TestNG.java:1079)
at org.testng.remote.AbstractRemoteTestNG.run(AbstractRemoteTestNG.java:115)
at org.testng.remote.RemoteTestNG.initAndRun(RemoteTestNG.java:293)
at org.testng.remote.RemoteTestNG.main(RemoteTestNG.java:91)
]]>
    </failure>
  </testcase> <!-- serverTest -->
  <testcase classname="farnasutsho.AppiumFramework.IOS.ServerStatusCheck" name="serverTest" time="56.534"/>
  <testcase classname="farnasutsho.AppiumFramework.IOS.ServerStatusCheck" name="serverTest" time="58.135"/>
  <testcase classname="farnasutsho.AppiumFramework.IOS.ServerStatusCheck" name="serverTest" time="46.152"/>
  <testcase classname="farnasutsho.AppiumFramework.IOS.ServerStatusCheck" name="serverTest" time="57.061"/>
  <testcase classname="farnasutsho.AppiumFramework.IOS.ServerStatusCheck" name="serverTest" time="57.498"/>
  <testcase classname="farnasutsho.AppiumFramework.IOS.ServerStatusCheck" name="serverTest" time="57.606"/>
  <testcase classname="farnasutsho.AppiumFramework.IOS.ServerStatusCheck" name="serverTest" time="57.911"/>
  <testcase classname="farnasutsho.AppiumFramework.IOS.ServerStatusCheck" name="serverTest" time="86.601">
    <failure type="java.lang.AssertionError" message="expected [null] but found [62.84.183.48]">
      <![CDATA[java.lang.AssertionError: expected [null] but found [62.84.183.48]
at org.testng.Assert.fail(Assert.java:111)
at org.testng.Assert.failNotEquals(Assert.java:1590)
at org.testng.Assert.assertEqualsImpl(Assert.java:150)
at org.testng.Assert.assertEquals(Assert.java:132)
at org.testng.Assert.assertEquals(Assert.java:656)
at org.testng.Assert.assertEquals(Assert.java:666)
at farnasutsho.AppiumFramework.IOS.ServerStatusCheck.serverTest(ServerStatusCheck.java:78)
at java.base/jdk.internal.reflect.DirectMethodHandleAccessor.invoke(DirectMethodHandleAccessor.java:104)
at java.base/java.lang.reflect.Method.invoke(Method.java:565)
at org.testng.internal.invokers.MethodInvocationHelper.invokeMethod(MethodInvocationHelper.java:141)
at org.testng.internal.invokers.TestInvoker.invokeMethod(TestInvoker.java:687)
at org.testng.internal.invokers.TestInvoker.invokeTestMethod(TestInvoker.java:230)
at org.testng.internal.invokers.MethodRunner.runInSequence(MethodRunner.java:63)
at org.testng.internal.invokers.TestInvoker$MethodInvocationAgent.invoke(TestInvoker.java:995)
at org.testng.internal.invokers.TestInvoker.invokeTestMethods(TestInvoker.java:203)
at org.testng.internal.invokers.TestMethodWorker.invokeTestMethods(TestMethodWorker.java:154)
at org.testng.internal.invokers.TestMethodWorker.run(TestMethodWorker.java:134)
at java.base/java.util.ArrayList.forEach(ArrayList.java:1612)
at org.testng.TestRunner.privateRun(TestRunner.java:741)
at org.testng.TestRunner.run(TestRunner.java:616)
at org.testng.SuiteRunner.runTest(SuiteRunner.java:421)
at org.testng.SuiteRunner.runSequentially(SuiteRunner.java:413)
at org.testng.SuiteRunner.privateRun(SuiteRunner.java:373)
at org.testng.SuiteRunner.run(SuiteRunner.java:312)
at org.testng.SuiteRunnerWorker.runSuite(SuiteRunnerWorker.java:52)
at org.testng.SuiteRunnerWorker.run(SuiteRunnerWorker.java:95)
at org.testng.TestNG.runSuitesSequentially(TestNG.java:1274)
at org.testng.TestNG.runSuitesLocally(TestNG.java:1208)
at org.testng.TestNG.runSuites(TestNG.java:1112)
at org.testng.TestNG.run(TestNG.java:1079)
at org.testng.remote.AbstractRemoteTestNG.run(AbstractRemoteTestNG.java:115)
at org.testng.remote.RemoteTestNG.initAndRun(RemoteTestNG.java:293)
at org.testng.remote.RemoteTestNG.main(RemoteTestNG.java:91)
]]>
    </failure>
  </testcase> <!-- serverTest -->
</testsuite> <!-- Default test -->
