<?xml version="1.0" encoding="UTF-8"?>
<!-- Generated by org.testng.reporters.JUnitXMLReporter -->
<testsuite ignored="0" hostname="Farnass-MacBook-Air.local" failures="0" tests="19" name="Server Status check" time="2.133" errors="0" timestamp="2026-04-12T14:14:27 GMT+06:00">
  <testcase classname="farnasutsho.AppiumFramework.TestUtils.AndroidBaseTest" name="@BeforeClass ConfigureAppium" time="2.0">
    <failure type="org.openqa.selenium.SessionNotCreatedException" message="Could not start a new session. Response code 500. Message: Neither ANDROID_HOME nor ANDROID_SDK_ROOT environment variable was exported. Read https://developer.android.com/studio/command-line/variables for more details 
Host info: host: &amp;apos;Farnass-MacBook-Air.local&amp;apos;, ip: &amp;apos;fe80:0:0:0:d6:b160:b3f8:1092%en0&amp;apos;
Build info: version: &amp;apos;4.43.0&amp;apos;, revision: &amp;apos;dd0f534&amp;apos;
System info: os.name: &amp;apos;Mac OS X&amp;apos;, os.arch: &amp;apos;aarch64&amp;apos;, os.version: &amp;apos;26.3.1&amp;apos;, java.version: &amp;apos;26&amp;apos;
Driver info: io.appium.java_client.android.AndroidDriver
Command: [null, newSession {capabilities=[Capabilities {appium:appActivity: com.enovavpn.mobile.MainAct..., appium:appPackage: com.enovavpn.mobile, appium:appWaitActivity: com.enovavpn.mobile.MainAct..., appium:appWaitDuration: 60000, appium:automationName: UIAutomator2, appium:deviceName: Pixel 4, appium:fullReset: false, appium:noReset: true, platformName: ANDROID}]}]
Capabilities {appium:appActivity: com.enovavpn.mobile.MainAct..., appium:appPackage: com.enovavpn.mobile, appium:appWaitActivity: com.enovavpn.mobile.MainAct..., appium:appWaitDuration: 60000, appium:automationName: UIAutomator2, appium:deviceName: Pixel 4, appium:fullReset: false, appium:noReset: true, platformName: ANDROID}">
      <![CDATA[org.openqa.selenium.SessionNotCreatedException: Could not start a new session. Response code 500. Message: Neither ANDROID_HOME nor ANDROID_SDK_ROOT environment variable was exported. Read https://developer.android.com/studio/command-line/variables for more details 
Host info: host: 'Farnass-MacBook-Air.local', ip: 'fe80:0:0:0:d6:b160:b3f8:1092%en0'
Build info: version: '4.43.0', revision: 'dd0f534'
System info: os.name: 'Mac OS X', os.arch: 'aarch64', os.version: '26.3.1', java.version: '26'
Driver info: io.appium.java_client.android.AndroidDriver
Command: [null, newSession {capabilities=[Capabilities {appium:appActivity: com.enovavpn.mobile.MainAct..., appium:appPackage: com.enovavpn.mobile, appium:appWaitActivity: com.enovavpn.mobile.MainAct..., appium:appWaitDuration: 60000, appium:automationName: UIAutomator2, appium:deviceName: Pixel 4, appium:fullReset: false, appium:noReset: true, platformName: ANDROID}]}]
Capabilities {appium:appActivity: com.enovavpn.mobile.MainAct..., appium:appPackage: com.enovavpn.mobile, appium:appWaitActivity: com.enovavpn.mobile.MainAct..., appium:appWaitDuration: 60000, appium:automationName: UIAutomator2, appium:deviceName: Pixel 4, appium:fullReset: false, appium:noReset: true, platformName: ANDROID}
at org.openqa.selenium.remote.ProtocolHandshake.createSession(ProtocolHandshake.java:114)
at org.openqa.selenium.remote.ProtocolHandshake.createSession(ProtocolHandshake.java:75)
at org.openqa.selenium.remote.ProtocolHandshake.createSession(ProtocolHandshake.java:61)
at io.appium.java_client.remote.AppiumCommandExecutor.createSession(AppiumCommandExecutor.java:170)
at io.appium.java_client.remote.AppiumCommandExecutor.execute(AppiumCommandExecutor.java:235)
at org.openqa.selenium.remote.RemoteWebDriver.execute(RemoteWebDriver.java:606)
at io.appium.java_client.AppiumDriver.startSession(AppiumDriver.java:308)
at org.openqa.selenium.remote.RemoteWebDriver.<init>(RemoteWebDriver.java:213)
at org.openqa.selenium.remote.RemoteWebDriver.<init>(RemoteWebDriver.java:199)
at io.appium.java_client.AppiumDriver.<init>(AppiumDriver.java:98)
at io.appium.java_client.AppiumDriver.<init>(AppiumDriver.java:109)
at io.appium.java_client.android.AndroidDriver.<init>(AndroidDriver.java:108)
at farnasutsho.AppiumFramework.TestUtils.AndroidBaseTest.ConfigureAppium(AndroidBaseTest.java:51)
at java.base/java.util.ArrayList.forEach(ArrayList.java:1612)
... Removed 23 stack frames]]>
    </failure>
  </testcase> <!-- @BeforeClass ConfigureAppium -->
  <testcase classname="farnasutsho.AppiumFramework.ServerStatusCheck_Test" name="@AfterMethod presetup" time="0.0">
    <skipped/>
  </testcase> <!-- @AfterMethod presetup -->
  <testcase classname="farnasutsho.AppiumFramework.TestUtils.AndroidBaseTest" name="@AfterMethod tearDown" time="0.0">
    <skipped/>
  </testcase> <!-- @AfterMethod tearDown -->
  <testcase classname="farnasutsho.AppiumFramework.ServerStatusCheck_Test" name="@AfterMethod presetup" time="0.0">
    <skipped/>
  </testcase> <!-- @AfterMethod presetup -->
  <testcase classname="farnasutsho.AppiumFramework.TestUtils.AndroidBaseTest" name="@AfterMethod tearDown" time="0.0">
    <skipped/>
  </testcase> <!-- @AfterMethod tearDown -->
  <testcase classname="farnasutsho.AppiumFramework.ServerStatusCheck_Test" name="@AfterMethod presetup" time="0.0">
    <skipped/>
  </testcase> <!-- @AfterMethod presetup -->
  <testcase classname="farnasutsho.AppiumFramework.TestUtils.AndroidBaseTest" name="@AfterMethod tearDown" time="0.0">
    <skipped/>
  </testcase> <!-- @AfterMethod tearDown -->
  <testcase classname="farnasutsho.AppiumFramework.ServerStatusCheck_Test" name="@AfterMethod presetup" time="0.0">
    <skipped/>
  </testcase> <!-- @AfterMethod presetup -->
  <testcase classname="farnasutsho.AppiumFramework.TestUtils.AndroidBaseTest" name="@AfterMethod tearDown" time="0.0">
    <skipped/>
  </testcase> <!-- @AfterMethod tearDown -->
  <testcase classname="farnasutsho.AppiumFramework.ServerStatusCheck_Test" name="@AfterMethod presetup" time="0.0">
    <skipped/>
  </testcase> <!-- @AfterMethod presetup -->
  <testcase classname="farnasutsho.AppiumFramework.TestUtils.AndroidBaseTest" name="@AfterMethod tearDown" time="0.0">
    <skipped/>
  </testcase> <!-- @AfterMethod tearDown -->
  <testcase classname="farnasutsho.AppiumFramework.ServerStatusCheck_Test" name="@AfterMethod presetup" time="0.0">
    <skipped/>
  </testcase> <!-- @AfterMethod presetup -->
  <testcase classname="farnasutsho.AppiumFramework.TestUtils.AndroidBaseTest" name="@AfterMethod tearDown" time="0.0">
    <skipped/>
  </testcase> <!-- @AfterMethod tearDown -->
  <testcase classname="farnasutsho.AppiumFramework.ServerStatusCheck_Test" name="@AfterMethod presetup" time="0.0">
    <skipped/>
  </testcase> <!-- @AfterMethod presetup -->
  <testcase classname="farnasutsho.AppiumFramework.TestUtils.AndroidBaseTest" name="@AfterMethod tearDown" time="0.0">
    <skipped/>
  </testcase> <!-- @AfterMethod tearDown -->
  <testcase classname="farnasutsho.AppiumFramework.ServerStatusCheck_Test" name="@AfterMethod presetup" time="0.0">
    <skipped/>
  </testcase> <!-- @AfterMethod presetup -->
  <testcase classname="farnasutsho.AppiumFramework.TestUtils.AndroidBaseTest" name="@AfterMethod tearDown" time="0.0">
    <skipped/>
  </testcase> <!-- @AfterMethod tearDown -->
  <testcase classname="farnasutsho.AppiumFramework.ServerStatusCheck_Test" name="@AfterMethod presetup" time="0.0">
    <skipped/>
  </testcase> <!-- @AfterMethod presetup -->
  <testcase classname="farnasutsho.AppiumFramework.TestUtils.AndroidBaseTest" name="@AfterMethod tearDown" time="0.0">
    <skipped/>
  </testcase> <!-- @AfterMethod tearDown -->
  <testcase classname="farnasutsho.AppiumFramework.ServerStatusCheck_Test" name="@AfterMethod presetup" time="0.0">
    <skipped/>
  </testcase> <!-- @AfterMethod presetup -->
  <testcase classname="farnasutsho.AppiumFramework.TestUtils.AndroidBaseTest" name="@AfterMethod tearDown" time="0.0">
    <skipped/>
  </testcase> <!-- @AfterMethod tearDown -->
  <testcase classname="farnasutsho.AppiumFramework.ServerStatusCheck_Test" name="@AfterMethod presetup" time="0.0">
    <skipped/>
  </testcase> <!-- @AfterMethod presetup -->
  <testcase classname="farnasutsho.AppiumFramework.TestUtils.AndroidBaseTest" name="@AfterMethod tearDown" time="0.0">
    <skipped/>
  </testcase> <!-- @AfterMethod tearDown -->
  <testcase classname="farnasutsho.AppiumFramework.ServerStatusCheck_Test" name="@AfterMethod presetup" time="0.0">
    <skipped/>
  </testcase> <!-- @AfterMethod presetup -->
  <testcase classname="farnasutsho.AppiumFramework.TestUtils.AndroidBaseTest" name="@AfterMethod tearDown" time="0.0">
    <skipped/>
  </testcase> <!-- @AfterMethod tearDown -->
  <testcase classname="farnasutsho.AppiumFramework.ServerStatusCheck_Test" name="@AfterMethod presetup" time="0.0">
    <skipped/>
  </testcase> <!-- @AfterMethod presetup -->
  <testcase classname="farnasutsho.AppiumFramework.TestUtils.AndroidBaseTest" name="@AfterMethod tearDown" time="0.0">
    <skipped/>
  </testcase> <!-- @AfterMethod tearDown -->
  <testcase classname="farnasutsho.AppiumFramework.ServerStatusCheck_Test" name="@AfterMethod presetup" time="0.0">
    <skipped/>
  </testcase> <!-- @AfterMethod presetup -->
  <testcase classname="farnasutsho.AppiumFramework.TestUtils.AndroidBaseTest" name="@AfterMethod tearDown" time="0.0">
    <skipped/>
  </testcase> <!-- @AfterMethod tearDown -->
  <testcase classname="farnasutsho.AppiumFramework.ServerStatusCheck_Test" name="@AfterMethod presetup" time="0.0">
    <skipped/>
  </testcase> <!-- @AfterMethod presetup -->
  <testcase classname="farnasutsho.AppiumFramework.TestUtils.AndroidBaseTest" name="@AfterMethod tearDown" time="0.0">
    <skipped/>
  </testcase> <!-- @AfterMethod tearDown -->
  <testcase classname="farnasutsho.AppiumFramework.ServerStatusCheck_Test" name="@AfterMethod presetup" time="0.0">
    <skipped/>
  </testcase> <!-- @AfterMethod presetup -->
  <testcase classname="farnasutsho.AppiumFramework.TestUtils.AndroidBaseTest" name="@AfterMethod tearDown" time="0.0">
    <skipped/>
  </testcase> <!-- @AfterMethod tearDown -->
  <testcase classname="farnasutsho.AppiumFramework.ServerStatusCheck_Test" name="@AfterMethod presetup" time="0.0">
    <skipped/>
  </testcase> <!-- @AfterMethod presetup -->
  <testcase classname="farnasutsho.AppiumFramework.TestUtils.AndroidBaseTest" name="@AfterMethod tearDown" time="0.0">
    <skipped/>
  </testcase> <!-- @AfterMethod tearDown -->
  <testcase classname="farnasutsho.AppiumFramework.ServerStatusCheck_Test" name="@AfterMethod presetup" time="0.0">
    <skipped/>
  </testcase> <!-- @AfterMethod presetup -->
  <testcase classname="farnasutsho.AppiumFramework.TestUtils.AndroidBaseTest" name="@AfterMethod tearDown" time="0.0">
    <skipped/>
  </testcase> <!-- @AfterMethod tearDown -->
  <testcase classname="farnasutsho.AppiumFramework.ServerStatusCheck_Test" name="@AfterMethod presetup" time="0.0">
    <skipped/>
  </testcase> <!-- @AfterMethod presetup -->
  <testcase classname="farnasutsho.AppiumFramework.TestUtils.AndroidBaseTest" name="@AfterMethod tearDown" time="0.0">
    <skipped/>
  </testcase> <!-- @AfterMethod tearDown -->
  <testcase classname="farnasutsho.AppiumFramework.TestUtils.AndroidBaseTest" name="@AfterClass tearDown" time="0.0">
    <skipped/>
  </testcase> <!-- @AfterClass tearDown -->
  <testcase classname="farnasutsho.AppiumFramework.ServerStatusCheck_Test" name="" time="0.0">
    <skipped/>
  </testcase> <!--  -->
  <testcase classname="farnasutsho.AppiumFramework.ServerStatusCheck_Test" name="" time="0.0">
    <skipped/>
  </testcase> <!--  -->
  <testcase classname="farnasutsho.AppiumFramework.ServerStatusCheck_Test" name="" time="0.0">
    <skipped/>
  </testcase> <!--  -->
  <testcase classname="farnasutsho.AppiumFramework.ServerStatusCheck_Test" name="" time="0.0">
    <skipped/>
  </testcase> <!--  -->
  <testcase classname="farnasutsho.AppiumFramework.ServerStatusCheck_Test" name="" time="0.0">
    <skipped/>
  </testcase> <!--  -->
  <testcase classname="farnasutsho.AppiumFramework.ServerStatusCheck_Test" name="" time="0.0">
    <skipped/>
  </testcase> <!--  -->
  <testcase classname="farnasutsho.AppiumFramework.ServerStatusCheck_Test" name="" time="0.0">
    <skipped/>
  </testcase> <!--  -->
  <testcase classname="farnasutsho.AppiumFramework.ServerStatusCheck_Test" name="" time="0.0">
    <skipped/>
  </testcase> <!--  -->
  <testcase classname="farnasutsho.AppiumFramework.ServerStatusCheck_Test" name="" time="0.0">
    <skipped/>
  </testcase> <!--  -->
  <testcase classname="farnasutsho.AppiumFramework.ServerStatusCheck_Test" name="" time="0.0">
    <skipped/>
  </testcase> <!--  -->
  <testcase classname="farnasutsho.AppiumFramework.ServerStatusCheck_Test" name="" time="0.0">
    <skipped/>
  </testcase> <!--  -->
  <testcase classname="farnasutsho.AppiumFramework.ServerStatusCheck_Test" name="" time="0.0">
    <skipped/>
  </testcase> <!--  -->
  <testcase classname="farnasutsho.AppiumFramework.ServerStatusCheck_Test" name="" time="0.0">
    <skipped/>
  </testcase> <!--  -->
  <testcase classname="farnasutsho.AppiumFramework.ServerStatusCheck_Test" name="" time="0.0">
    <skipped/>
  </testcase> <!--  -->
  <testcase classname="farnasutsho.AppiumFramework.ServerStatusCheck_Test" name="" time="0.0">
    <skipped/>
  </testcase> <!--  -->
  <testcase classname="farnasutsho.AppiumFramework.ServerStatusCheck_Test" name="" time="0.0">
    <skipped/>
  </testcase> <!--  -->
  <testcase classname="farnasutsho.AppiumFramework.ServerStatusCheck_Test" name="" time="0.0">
    <skipped/>
  </testcase> <!--  -->
  <testcase classname="farnasutsho.AppiumFramework.ServerStatusCheck_Test" name="" time="0.0">
    <skipped/>
  </testcase> <!--  -->
  <testcase classname="farnasutsho.AppiumFramework.ServerStatusCheck_Test" name="" time="0.0">
    <skipped/>
  </testcase> <!--  -->
</testsuite> <!-- Server Status check -->
