<?xml version="1.0" encoding="UTF-8"?>
<testng-results ignored="0" total="102" passed="83" failed="17" skipped="2">
  <reporter-output>
  </reporter-output>
  <suite started-at="2026-09-20T19:12:02 GMT+06:00" name="Suite" finished-at="2026-09-20T20:26:49 GMT+06:00" duration-ms="4486994">
    <groups>
    </groups>
    <test started-at="2026-09-20T19:12:02 GMT+06:00" name="Server Status check" finished-at="2026-09-20T20:26:49 GMT+06:00" duration-ms="4486994">
      <class name="farnasutsho.AppiumFramework.IOS.WireGuardServerCheck">
        <test-method is-config="true" signature="ConfigureAppium()[pri:0, instance:farnasutsho.AppiumFramework.IOS.WireGuardServerCheck@7e990ed7]" started-at="2026-09-20T20:01:40 GMT+06:00" name="ConfigureAppium" finished-at="2026-09-20T20:02:08 GMT+06:00" duration-ms="27749" status="PASS">
          <reporter-output>
          </reporter-output>
        </test-method> <!-- ConfigureAppium -->
        <test-method is-config="true" signature="setupProtocol()[pri:0, instance:farnasutsho.AppiumFramework.IOS.WireGuardServerCheck@7e990ed7]" started-at="2026-09-20T20:02:08 GMT+06:00" name="setupProtocol" finished-at="2026-09-20T20:02:20 GMT+06:00" duration-ms="12406" status="PASS">
          <reporter-output>
          </reporter-output>
        </test-method> <!-- setupProtocol -->
        <test-method signature="serverTest(java.util.HashMap)[pri:0, instance:farnasutsho.AppiumFramework.IOS.WireGuardServerCheck@7e990ed7]" started-at="2026-09-20T20:02:20 GMT+06:00" name="serverTest" data-provider="getData" finished-at="2026-09-20T20:02:46 GMT+06:00" duration-ms="26218" status="PASS">
          <params>
            <param index="0">
              <value>
                <![CDATA[{country=India, server=India - 3, numberofservers=multiple, ip=172.105.58.19}]]>
              </value>
            </param>
          </params>
          <reporter-output>
          </reporter-output>
        </test-method> <!-- serverTest -->
        <test-method is-config="true" signature="cleanUp(org.testng.ITestResult)[pri:0, instance:farnasutsho.AppiumFramework.IOS.WireGuardServerCheck@7e990ed7]" started-at="2026-09-20T20:02:46 GMT+06:00" name="cleanUp" finished-at="2026-09-20T20:02:46 GMT+06:00" duration-ms="0" status="PASS">
          <params>
            <param index="0">
              <value>
                <![CDATA[[TestResult name=serverTest status=SUCCESS method=BaseServerStatusCheck.serverTest(java.util.HashMap)[pri:0, instance:farnasutsho.AppiumFramework.IOS.WireGuardServerCheck@7e990ed7] output={null}]]]>
              </value>
            </param>
          </params>
          <reporter-output>
          </reporter-output>
        </test-method> <!-- cleanUp -->
        <test-method signature="serverTest(java.util.HashMap)[pri:0, instance:farnasutsho.AppiumFramework.IOS.WireGuardServerCheck@7e990ed7]" started-at="2026-09-20T20:02:46 GMT+06:00" name="serverTest" data-provider="getData" finished-at="2026-09-20T20:03:12 GMT+06:00" duration-ms="25534" status="PASS">
          <params>
            <param index="0">
              <value>
                <![CDATA[{country=India, server=India - 10, numberofservers=multiple, ip=172.105.58.19}]]>
              </value>
            </param>
          </params>
          <reporter-output>
          </reporter-output>
        </test-method> <!-- serverTest -->
        <test-method signature="serverTest(java.util.HashMap)[pri:0, instance:farnasutsho.AppiumFramework.IOS.WireGuardServerCheck@7e990ed7]" started-at="2026-09-20T20:03:12 GMT+06:00" name="serverTest" data-provider="getData" finished-at="2026-09-20T20:03:34 GMT+06:00" duration-ms="21999" status="FAIL">
          <params>
            <param index="0">
              <value>
                <![CDATA[{country=India, server=India - 11, numberofservers=multiple, ip=172.105.58.19}]]>
              </value>
            </param>
          </params>
          <exception class="java.lang.AssertionError">
            <message>
              <![CDATA[expected [165.101.132.214] but found [172.105.58.19]]]>
            </message>
            <full-stacktrace>
              <![CDATA[java.lang.AssertionError: expected [165.101.132.214] but found [172.105.58.19]
at org.testng.Assert.fail(Assert.java:111)
at org.testng.Assert.failNotEquals(Assert.java:1590)
at org.testng.Assert.assertEqualsImpl(Assert.java:150)
at org.testng.Assert.assertEquals(Assert.java:132)
at org.testng.Assert.assertEquals(Assert.java:656)
at org.testng.Assert.assertEquals(Assert.java:666)
at farnasutsho.AppiumFramework.IOSBase.BaseServerStatusCheck.serverTest(BaseServerStatusCheck.java:165)
at java.base/jdk.internal.reflect.DirectMethodHandleAccessor.invoke(DirectMethodHandleAccessor.java:104)
at java.base/java.lang.reflect.Method.invoke(Method.java:565)
at org.testng.internal.invokers.MethodInvocationHelper.invokeMethod(MethodInvocationHelper.java:141)
at org.testng.internal.invokers.TestInvoker.invokeMethod(TestInvoker.java:687)
at org.testng.internal.invokers.TestInvoker.invokeTestMethod(TestInvoker.java:230)
at org.testng.internal.invokers.MethodRunner.runInSequence(MethodRunner.java:63)
at org.testng.internal.invokers.TestInvoker$MethodInvocationAgent.invoke(TestInvoker.java:995)
at org.testng.internal.invokers.TestInvoker.invokeTestMethods(TestInvoker.java:203)
at org.testng.internal.invokers.TestMethodWorker.invokeTestMethods(TestMethodWorker.java:154)
at org.testng.internal.invokers.TestMethodWorker.run(TestMethodWorker.java:134)
at java.base/java.util.ArrayList.forEach(ArrayList.java:1612)
at org.testng.TestRunner.privateRun(TestRunner.java:741)
at org.testng.TestRunner.run(TestRunner.java:616)
at org.testng.SuiteRunner.runTest(SuiteRunner.java:421)
at org.testng.SuiteRunner.runSequentially(SuiteRunner.java:413)
at org.testng.SuiteRunner.privateRun(SuiteRunner.java:373)
at org.testng.SuiteRunner.run(SuiteRunner.java:312)
at org.testng.SuiteRunnerWorker.runSuite(SuiteRunnerWorker.java:52)
at org.testng.SuiteRunnerWorker.run(SuiteRunnerWorker.java:95)
at org.testng.TestNG.runSuitesSequentially(TestNG.java:1274)
at org.testng.TestNG.runSuitesLocally(TestNG.java:1208)
at org.testng.TestNG.runSuites(TestNG.java:1112)
at org.testng.TestNG.run(TestNG.java:1079)
at org.testng.remote.AbstractRemoteTestNG.run(AbstractRemoteTestNG.java:115)
at org.testng.remote.RemoteTestNG.initAndRun(RemoteTestNG.java:293)
at org.testng.remote.RemoteTestNG.main(RemoteTestNG.java:91)
]]>
            </full-stacktrace>
          </exception> <!-- java.lang.AssertionError -->
          <reporter-output>
          </reporter-output>
        </test-method> <!-- serverTest -->
        <test-method is-config="true" signature="cleanUp(org.testng.ITestResult)[pri:0, instance:farnasutsho.AppiumFramework.IOS.WireGuardServerCheck@7e990ed7]" started-at="2026-09-20T20:03:12 GMT+06:00" name="cleanUp" finished-at="2026-09-20T20:03:12 GMT+06:00" duration-ms="0" status="PASS">
          <params>
            <param index="0">
              <value>
                <![CDATA[[TestResult name=serverTest status=SUCCESS method=BaseServerStatusCheck.serverTest(java.util.HashMap)[pri:0, instance:farnasutsho.AppiumFramework.IOS.WireGuardServerCheck@7e990ed7] output={null}]]]>
              </value>
            </param>
          </params>
          <reporter-output>
          </reporter-output>
        </test-method> <!-- cleanUp -->
        <test-method is-config="true" signature="cleanUp(org.testng.ITestResult)[pri:0, instance:farnasutsho.AppiumFramework.IOS.WireGuardServerCheck@7e990ed7]" started-at="2026-09-20T20:03:34 GMT+06:00" name="cleanUp" finished-at="2026-09-20T20:03:37 GMT+06:00" duration-ms="2709" status="PASS">
          <params>
            <param index="0">
              <value>
                <![CDATA[[TestResult name=serverTest status=FAILURE method=BaseServerStatusCheck.serverTest(java.util.HashMap)[pri:0, instance:farnasutsho.AppiumFramework.IOS.WireGuardServerCheck@7e990ed7] output={null}]]]>
              </value>
            </param>
          </params>
          <reporter-output>
          </reporter-output>
        </test-method> <!-- cleanUp -->
        <test-method signature="serverTest(java.util.HashMap)[pri:0, instance:farnasutsho.AppiumFramework.IOS.WireGuardServerCheck@7e990ed7]" started-at="2026-09-20T20:03:37 GMT+06:00" name="serverTest" data-provider="getData" finished-at="2026-09-20T20:04:04 GMT+06:00" duration-ms="27053" status="PASS">
          <params>
            <param index="0">
              <value>
                <![CDATA[{country=India, server=India - 13, numberofservers=multiple, ip=172.105.58.19}]]>
              </value>
            </param>
          </params>
          <reporter-output>
          </reporter-output>
        </test-method> <!-- serverTest -->
        <test-method is-config="true" signature="cleanUp(org.testng.ITestResult)[pri:0, instance:farnasutsho.AppiumFramework.IOS.WireGuardServerCheck@7e990ed7]" started-at="2026-09-20T20:04:04 GMT+06:00" name="cleanUp" finished-at="2026-09-20T20:04:04 GMT+06:00" duration-ms="0" status="PASS">
          <params>
            <param index="0">
              <value>
                <![CDATA[[TestResult name=serverTest status=SUCCESS method=BaseServerStatusCheck.serverTest(java.util.HashMap)[pri:0, instance:farnasutsho.AppiumFramework.IOS.WireGuardServerCheck@7e990ed7] output={null}]]]>
              </value>
            </param>
          </params>
          <reporter-output>
          </reporter-output>
        </test-method> <!-- cleanUp -->
        <test-method signature="serverTest(java.util.HashMap)[pri:0, instance:farnasutsho.AppiumFramework.IOS.WireGuardServerCheck@7e990ed7]" started-at="2026-09-20T20:04:04 GMT+06:00" name="serverTest" data-provider="getData" finished-at="2026-09-20T20:04:28 GMT+06:00" duration-ms="24400" status="PASS">
          <params>
            <param index="0">
              <value>
                <![CDATA[{country=France, server=France - 10, numberofservers=single, ip=194.99.23.55}]]>
              </value>
            </param>
          </params>
          <reporter-output>
          </reporter-output>
        </test-method> <!-- serverTest -->
        <test-method is-config="true" signature="cleanUp(org.testng.ITestResult)[pri:0, instance:farnasutsho.AppiumFramework.IOS.WireGuardServerCheck@7e990ed7]" started-at="2026-09-20T20:04:28 GMT+06:00" name="cleanUp" finished-at="2026-09-20T20:04:28 GMT+06:00" duration-ms="1" status="PASS">
          <params>
            <param index="0">
              <value>
                <![CDATA[[TestResult name=serverTest status=SUCCESS method=BaseServerStatusCheck.serverTest(java.util.HashMap)[pri:0, instance:farnasutsho.AppiumFramework.IOS.WireGuardServerCheck@7e990ed7] output={null}]]]>
              </value>
            </param>
          </params>
          <reporter-output>
          </reporter-output>
        </test-method> <!-- cleanUp -->
        <test-method signature="serverTest(java.util.HashMap)[pri:0, instance:farnasutsho.AppiumFramework.IOS.WireGuardServerCheck@7e990ed7]" started-at="2026-09-20T20:04:28 GMT+06:00" name="serverTest" data-provider="getData" finished-at="2026-09-20T20:04:56 GMT+06:00" duration-ms="27344" status="PASS">
          <params>
            <param index="0">
              <value>
                <![CDATA[{country=Netherlands, server=Netherlands - 6, numberofservers=multiple, ip=194.127.178.55}]]>
              </value>
            </param>
          </params>
          <reporter-output>
          </reporter-output>
        </test-method> <!-- serverTest -->
        <test-method signature="serverTest(java.util.HashMap)[pri:0, instance:farnasutsho.AppiumFramework.IOS.WireGuardServerCheck@7e990ed7]" started-at="2026-09-20T20:04:56 GMT+06:00" name="serverTest" data-provider="getData" finished-at="2026-09-20T20:05:23 GMT+06:00" duration-ms="27021" status="PASS">
          <params>
            <param index="0">
              <value>
                <![CDATA[{country=Netherlands, server=Netherlands - 7, numberofservers=multiple, ip=194.127.178.74}]]>
              </value>
            </param>
          </params>
          <reporter-output>
          </reporter-output>
        </test-method> <!-- serverTest -->
        <test-method is-config="true" signature="cleanUp(org.testng.ITestResult)[pri:0, instance:farnasutsho.AppiumFramework.IOS.WireGuardServerCheck@7e990ed7]" started-at="2026-09-20T20:04:56 GMT+06:00" name="cleanUp" finished-at="2026-09-20T20:04:56 GMT+06:00" duration-ms="0" status="PASS">
          <params>
            <param index="0">
              <value>
                <![CDATA[[TestResult name=serverTest status=SUCCESS method=BaseServerStatusCheck.serverTest(java.util.HashMap)[pri:0, instance:farnasutsho.AppiumFramework.IOS.WireGuardServerCheck@7e990ed7] output={null}]]]>
              </value>
            </param>
          </params>
          <reporter-output>
          </reporter-output>
        </test-method> <!-- cleanUp -->
        <test-method is-config="true" signature="cleanUp(org.testng.ITestResult)[pri:0, instance:farnasutsho.AppiumFramework.IOS.WireGuardServerCheck@7e990ed7]" started-at="2026-09-20T20:05:23 GMT+06:00" name="cleanUp" finished-at="2026-09-20T20:05:23 GMT+06:00" duration-ms="0" status="PASS">
          <params>
            <param index="0">
              <value>
                <![CDATA[[TestResult name=serverTest status=SUCCESS method=BaseServerStatusCheck.serverTest(java.util.HashMap)[pri:0, instance:farnasutsho.AppiumFramework.IOS.WireGuardServerCheck@7e990ed7] output={null}]]]>
              </value>
            </param>
          </params>
          <reporter-output>
          </reporter-output>
        </test-method> <!-- cleanUp -->
        <test-method signature="serverTest(java.util.HashMap)[pri:0, instance:farnasutsho.AppiumFramework.IOS.WireGuardServerCheck@7e990ed7]" started-at="2026-09-20T20:05:23 GMT+06:00" name="serverTest" data-provider="getData" finished-at="2026-09-20T20:05:50 GMT+06:00" duration-ms="27130" status="PASS">
          <params>
            <param index="0">
              <value>
                <![CDATA[{country=Singapore, server=Singapore - 1, numberofservers=multiple, ip=167.172.88.191}]]>
              </value>
            </param>
          </params>
          <reporter-output>
          </reporter-output>
        </test-method> <!-- serverTest -->
        <test-method is-config="true" signature="cleanUp(org.testng.ITestResult)[pri:0, instance:farnasutsho.AppiumFramework.IOS.WireGuardServerCheck@7e990ed7]" started-at="2026-09-20T20:05:50 GMT+06:00" name="cleanUp" finished-at="2026-09-20T20:05:50 GMT+06:00" duration-ms="1" status="PASS">
          <params>
            <param index="0">
              <value>
                <![CDATA[[TestResult name=serverTest status=SUCCESS method=BaseServerStatusCheck.serverTest(java.util.HashMap)[pri:0, instance:farnasutsho.AppiumFramework.IOS.WireGuardServerCheck@7e990ed7] output={null}]]]>
              </value>
            </param>
          </params>
          <reporter-output>
          </reporter-output>
        </test-method> <!-- cleanUp -->
        <test-method signature="serverTest(java.util.HashMap)[pri:0, instance:farnasutsho.AppiumFramework.IOS.WireGuardServerCheck@7e990ed7]" started-at="2026-09-20T20:05:50 GMT+06:00" name="serverTest" data-provider="getData" finished-at="2026-09-20T20:06:17 GMT+06:00" duration-ms="26995" status="PASS">
          <params>
            <param index="0">
              <value>
                <![CDATA[{country=Singapore, server=Singapore, numberofservers=multiple, ip=192.53.172.74}]]>
              </value>
            </param>
          </params>
          <reporter-output>
          </reporter-output>
        </test-method> <!-- serverTest -->
        <test-method is-config="true" signature="cleanUp(org.testng.ITestResult)[pri:0, instance:farnasutsho.AppiumFramework.IOS.WireGuardServerCheck@7e990ed7]" started-at="2026-09-20T20:06:17 GMT+06:00" name="cleanUp" finished-at="2026-09-20T20:06:17 GMT+06:00" duration-ms="1" status="PASS">
          <params>
            <param index="0">
              <value>
                <![CDATA[[TestResult name=serverTest status=SUCCESS method=BaseServerStatusCheck.serverTest(java.util.HashMap)[pri:0, instance:farnasutsho.AppiumFramework.IOS.WireGuardServerCheck@7e990ed7] output={null}]]]>
              </value>
            </param>
          </params>
          <reporter-output>
          </reporter-output>
        </test-method> <!-- cleanUp -->
        <test-method signature="serverTest(java.util.HashMap)[pri:0, instance:farnasutsho.AppiumFramework.IOS.WireGuardServerCheck@7e990ed7]" started-at="2026-09-20T20:06:17 GMT+06:00" name="serverTest" data-provider="getData" finished-at="2026-09-20T20:06:45 GMT+06:00" duration-ms="27823" status="PASS">
          <params>
            <param index="0">
              <value>
                <![CDATA[{country=Singapore, server=Singapore - 10, numberofservers=multiple, ip=192.53.172.74}]]>
              </value>
            </param>
          </params>
          <reporter-output>
          </reporter-output>
        </test-method> <!-- serverTest -->
        <test-method is-config="true" signature="cleanUp(org.testng.ITestResult)[pri:0, instance:farnasutsho.AppiumFramework.IOS.WireGuardServerCheck@7e990ed7]" started-at="2026-09-20T20:06:45 GMT+06:00" name="cleanUp" finished-at="2026-09-20T20:06:45 GMT+06:00" duration-ms="2" status="PASS">
          <params>
            <param index="0">
              <value>
                <![CDATA[[TestResult name=serverTest status=SUCCESS method=BaseServerStatusCheck.serverTest(java.util.HashMap)[pri:0, instance:farnasutsho.AppiumFramework.IOS.WireGuardServerCheck@7e990ed7] output={null}]]]>
              </value>
            </param>
          </params>
          <reporter-output>
          </reporter-output>
        </test-method> <!-- cleanUp -->
        <test-method signature="serverTest(java.util.HashMap)[pri:0, instance:farnasutsho.AppiumFramework.IOS.WireGuardServerCheck@7e990ed7]" started-at="2026-09-20T20:06:45 GMT+06:00" name="serverTest" data-provider="getData" finished-at="2026-09-20T20:07:47 GMT+06:00" duration-ms="62097" status="PASS">
          <params>
            <param index="0">
              <value>
                <![CDATA[{country=Singapore, server=Singapore - 11, numberofservers=multiple, ip=192.53.172.74}]]>
              </value>
            </param>
          </params>
          <reporter-output>
          </reporter-output>
        </test-method> <!-- serverTest -->
        <test-method is-config="true" signature="cleanUp(org.testng.ITestResult)[pri:0, instance:farnasutsho.AppiumFramework.IOS.WireGuardServerCheck@7e990ed7]" started-at="2026-09-20T20:07:47 GMT+06:00" name="cleanUp" finished-at="2026-09-20T20:07:47 GMT+06:00" duration-ms="2" status="PASS">
          <params>
            <param index="0">
              <value>
                <![CDATA[[TestResult name=serverTest status=SUCCESS method=BaseServerStatusCheck.serverTest(java.util.HashMap)[pri:0, instance:farnasutsho.AppiumFramework.IOS.WireGuardServerCheck@7e990ed7] output={null}]]]>
              </value>
            </param>
          </params>
          <reporter-output>
          </reporter-output>
        </test-method> <!-- cleanUp -->
        <test-method signature="serverTest(java.util.HashMap)[pri:0, instance:farnasutsho.AppiumFramework.IOS.WireGuardServerCheck@7e990ed7]" started-at="2026-09-20T20:07:47 GMT+06:00" name="serverTest" data-provider="getData" finished-at="2026-09-20T20:08:17 GMT+06:00" duration-ms="29698" status="PASS">
          <params>
            <param index="0">
              <value>
                <![CDATA[{country=Singapore, server=Singapore - 12, numberofservers=multiple, ip=192.53.172.74}]]>
              </value>
            </param>
          </params>
          <reporter-output>
          </reporter-output>
        </test-method> <!-- serverTest -->
        <test-method is-config="true" signature="cleanUp(org.testng.ITestResult)[pri:0, instance:farnasutsho.AppiumFramework.IOS.WireGuardServerCheck@7e990ed7]" started-at="2026-09-20T20:08:17 GMT+06:00" name="cleanUp" finished-at="2026-09-20T20:08:17 GMT+06:00" duration-ms="4" status="PASS">
          <params>
            <param index="0">
              <value>
                <![CDATA[[TestResult name=serverTest status=SUCCESS method=BaseServerStatusCheck.serverTest(java.util.HashMap)[pri:0, instance:farnasutsho.AppiumFramework.IOS.WireGuardServerCheck@7e990ed7] output={null}]]]>
              </value>
            </param>
          </params>
          <reporter-output>
          </reporter-output>
        </test-method> <!-- cleanUp -->
        <test-method signature="serverTest(java.util.HashMap)[pri:0, instance:farnasutsho.AppiumFramework.IOS.WireGuardServerCheck@7e990ed7]" started-at="2026-09-20T20:08:17 GMT+06:00" name="serverTest" data-provider="getData" finished-at="2026-09-20T20:08:43 GMT+06:00" duration-ms="26525" status="PASS">
          <params>
            <param index="0">
              <value>
                <![CDATA[{country=Singapore, server=Singapore - 15, numberofservers=multiple, ip=167.104.101.52}]]>
              </value>
            </param>
          </params>
          <reporter-output>
          </reporter-output>
        </test-method> <!-- serverTest -->
        <test-method is-config="true" signature="cleanUp(org.testng.ITestResult)[pri:0, instance:farnasutsho.AppiumFramework.IOS.WireGuardServerCheck@7e990ed7]" started-at="2026-09-20T20:08:43 GMT+06:00" name="cleanUp" finished-at="2026-09-20T20:08:43 GMT+06:00" duration-ms="1" status="PASS">
          <params>
            <param index="0">
              <value>
                <![CDATA[[TestResult name=serverTest status=SUCCESS method=BaseServerStatusCheck.serverTest(java.util.HashMap)[pri:0, instance:farnasutsho.AppiumFramework.IOS.WireGuardServerCheck@7e990ed7] output={null}]]]>
              </value>
            </param>
          </params>
          <reporter-output>
          </reporter-output>
        </test-method> <!-- cleanUp -->
        <test-method signature="serverTest(java.util.HashMap)[pri:0, instance:farnasutsho.AppiumFramework.IOS.WireGuardServerCheck@7e990ed7]" started-at="2026-09-20T20:08:43 GMT+06:00" name="serverTest" data-provider="getData" finished-at="2026-09-20T20:09:10 GMT+06:00" duration-ms="27152" status="PASS">
          <params>
            <param index="0">
              <value>
                <![CDATA[{country=Germany, server=Germany - 15, numberofservers=multiple, ip=45.140.42.21}]]>
              </value>
            </param>
          </params>
          <reporter-output>
          </reporter-output>
        </test-method> <!-- serverTest -->
        <test-method is-config="true" signature="cleanUp(org.testng.ITestResult)[pri:0, instance:farnasutsho.AppiumFramework.IOS.WireGuardServerCheck@7e990ed7]" started-at="2026-09-20T20:09:10 GMT+06:00" name="cleanUp" finished-at="2026-09-20T20:09:10 GMT+06:00" duration-ms="1" status="PASS">
          <params>
            <param index="0">
              <value>
                <![CDATA[[TestResult name=serverTest status=SUCCESS method=BaseServerStatusCheck.serverTest(java.util.HashMap)[pri:0, instance:farnasutsho.AppiumFramework.IOS.WireGuardServerCheck@7e990ed7] output={null}]]]>
              </value>
            </param>
          </params>
          <reporter-output>
          </reporter-output>
        </test-method> <!-- cleanUp -->
        <test-method signature="serverTest(java.util.HashMap)[pri:0, instance:farnasutsho.AppiumFramework.IOS.WireGuardServerCheck@7e990ed7]" started-at="2026-09-20T20:09:10 GMT+06:00" name="serverTest" data-provider="getData" finished-at="2026-09-20T20:09:38 GMT+06:00" duration-ms="27684" status="PASS">
          <params>
            <param index="0">
              <value>
                <![CDATA[{country=Germany, server=Germany Premium - 5, numberofservers=multiple, ip=45.140.42.21}]]>
              </value>
            </param>
          </params>
          <reporter-output>
          </reporter-output>
        </test-method> <!-- serverTest -->
        <test-method is-config="true" signature="cleanUp(org.testng.ITestResult)[pri:0, instance:farnasutsho.AppiumFramework.IOS.WireGuardServerCheck@7e990ed7]" started-at="2026-09-20T20:09:38 GMT+06:00" name="cleanUp" finished-at="2026-09-20T20:09:38 GMT+06:00" duration-ms="1" status="PASS">
          <params>
            <param index="0">
              <value>
                <![CDATA[[TestResult name=serverTest status=SUCCESS method=BaseServerStatusCheck.serverTest(java.util.HashMap)[pri:0, instance:farnasutsho.AppiumFramework.IOS.WireGuardServerCheck@7e990ed7] output={null}]]]>
              </value>
            </param>
          </params>
          <reporter-output>
          </reporter-output>
        </test-method> <!-- cleanUp -->
        <test-method signature="serverTest(java.util.HashMap)[pri:0, instance:farnasutsho.AppiumFramework.IOS.WireGuardServerCheck@7e990ed7]" started-at="2026-09-20T20:09:38 GMT+06:00" name="serverTest" data-provider="getData" finished-at="2026-09-20T20:10:01 GMT+06:00" duration-ms="23186" status="PASS">
          <params>
            <param index="0">
              <value>
                <![CDATA[{country=Italy, server=Rome , numberofservers=single, ip=85.137.175.205}]]>
              </value>
            </param>
          </params>
          <reporter-output>
          </reporter-output>
        </test-method> <!-- serverTest -->
        <test-method signature="serverTest(java.util.HashMap)[pri:0, instance:farnasutsho.AppiumFramework.IOS.WireGuardServerCheck@7e990ed7]" started-at="2026-09-20T20:10:01 GMT+06:00" name="serverTest" data-provider="getData" finished-at="2026-09-20T20:10:30 GMT+06:00" duration-ms="29031" status="PASS">
          <params>
            <param index="0">
              <value>
                <![CDATA[{country=Belgium, server=Belgium - 10, numberofservers=single, ip=192.121.170.187}]]>
              </value>
            </param>
          </params>
          <reporter-output>
          </reporter-output>
        </test-method> <!-- serverTest -->
        <test-method is-config="true" signature="cleanUp(org.testng.ITestResult)[pri:0, instance:farnasutsho.AppiumFramework.IOS.WireGuardServerCheck@7e990ed7]" started-at="2026-09-20T20:10:01 GMT+06:00" name="cleanUp" finished-at="2026-09-20T20:10:01 GMT+06:00" duration-ms="0" status="PASS">
          <params>
            <param index="0">
              <value>
                <![CDATA[[TestResult name=serverTest status=SUCCESS method=BaseServerStatusCheck.serverTest(java.util.HashMap)[pri:0, instance:farnasutsho.AppiumFramework.IOS.WireGuardServerCheck@7e990ed7] output={null}]]]>
              </value>
            </param>
          </params>
          <reporter-output>
          </reporter-output>
        </test-method> <!-- cleanUp -->
        <test-method is-config="true" signature="cleanUp(org.testng.ITestResult)[pri:0, instance:farnasutsho.AppiumFramework.IOS.WireGuardServerCheck@7e990ed7]" started-at="2026-09-20T20:10:30 GMT+06:00" name="cleanUp" finished-at="2026-09-20T20:10:30 GMT+06:00" duration-ms="1" status="PASS">
          <params>
            <param index="0">
              <value>
                <![CDATA[[TestResult name=serverTest status=SUCCESS method=BaseServerStatusCheck.serverTest(java.util.HashMap)[pri:0, instance:farnasutsho.AppiumFramework.IOS.WireGuardServerCheck@7e990ed7] output={null}]]]>
              </value>
            </param>
          </params>
          <reporter-output>
          </reporter-output>
        </test-method> <!-- cleanUp -->
        <test-method signature="serverTest(java.util.HashMap)[pri:0, instance:farnasutsho.AppiumFramework.IOS.WireGuardServerCheck@7e990ed7]" started-at="2026-09-20T20:10:30 GMT+06:00" name="serverTest" data-provider="getData" finished-at="2026-09-20T20:11:03 GMT+06:00" duration-ms="32633" status="FAIL">
          <params>
            <param index="0">
              <value>
                <![CDATA[{country=Spain, server=Spain - 6, numberofservers=single, ip=31.14.238.96}]]>
              </value>
            </param>
          </params>
          <exception class="java.lang.AssertionError">
            <message>
              <![CDATA[expected [194.14.217.183] but found [31.14.238.96]]]>
            </message>
            <full-stacktrace>
              <![CDATA[java.lang.AssertionError: expected [194.14.217.183] but found [31.14.238.96]
at org.testng.Assert.fail(Assert.java:111)
at org.testng.Assert.failNotEquals(Assert.java:1590)
at org.testng.Assert.assertEqualsImpl(Assert.java:150)
at org.testng.Assert.assertEquals(Assert.java:132)
at org.testng.Assert.assertEquals(Assert.java:656)
at org.testng.Assert.assertEquals(Assert.java:666)
at farnasutsho.AppiumFramework.IOSBase.BaseServerStatusCheck.serverTest(BaseServerStatusCheck.java:165)
at java.base/jdk.internal.reflect.DirectMethodHandleAccessor.invoke(DirectMethodHandleAccessor.java:104)
at java.base/java.lang.reflect.Method.invoke(Method.java:565)
at org.testng.internal.invokers.MethodInvocationHelper.invokeMethod(MethodInvocationHelper.java:141)
at org.testng.internal.invokers.TestInvoker.invokeMethod(TestInvoker.java:687)
at org.testng.internal.invokers.TestInvoker.invokeTestMethod(TestInvoker.java:230)
at org.testng.internal.invokers.MethodRunner.runInSequence(MethodRunner.java:63)
at org.testng.internal.invokers.TestInvoker$MethodInvocationAgent.invoke(TestInvoker.java:995)
at org.testng.internal.invokers.TestInvoker.invokeTestMethods(TestInvoker.java:203)
at org.testng.internal.invokers.TestMethodWorker.invokeTestMethods(TestMethodWorker.java:154)
at org.testng.internal.invokers.TestMethodWorker.run(TestMethodWorker.java:134)
at java.base/java.util.ArrayList.forEach(ArrayList.java:1612)
at org.testng.TestRunner.privateRun(TestRunner.java:741)
at org.testng.TestRunner.run(TestRunner.java:616)
at org.testng.SuiteRunner.runTest(SuiteRunner.java:421)
at org.testng.SuiteRunner.runSequentially(SuiteRunner.java:413)
at org.testng.SuiteRunner.privateRun(SuiteRunner.java:373)
at org.testng.SuiteRunner.run(SuiteRunner.java:312)
at org.testng.SuiteRunnerWorker.runSuite(SuiteRunnerWorker.java:52)
at org.testng.SuiteRunnerWorker.run(SuiteRunnerWorker.java:95)
at org.testng.TestNG.runSuitesSequentially(TestNG.java:1274)
at org.testng.TestNG.runSuitesLocally(TestNG.java:1208)
at org.testng.TestNG.runSuites(TestNG.java:1112)
at org.testng.TestNG.run(TestNG.java:1079)
at org.testng.remote.AbstractRemoteTestNG.run(AbstractRemoteTestNG.java:115)
at org.testng.remote.RemoteTestNG.initAndRun(RemoteTestNG.java:293)
at org.testng.remote.RemoteTestNG.main(RemoteTestNG.java:91)
]]>
            </full-stacktrace>
          </exception> <!-- java.lang.AssertionError -->
          <reporter-output>
          </reporter-output>
        </test-method> <!-- serverTest -->
        <test-method is-config="true" signature="cleanUp(org.testng.ITestResult)[pri:0, instance:farnasutsho.AppiumFramework.IOS.WireGuardServerCheck@7e990ed7]" started-at="2026-09-20T20:11:03 GMT+06:00" name="cleanUp" finished-at="2026-09-20T20:11:06 GMT+06:00" duration-ms="2619" status="PASS">
          <params>
            <param index="0">
              <value>
                <![CDATA[[TestResult name=serverTest status=FAILURE method=BaseServerStatusCheck.serverTest(java.util.HashMap)[pri:0, instance:farnasutsho.AppiumFramework.IOS.WireGuardServerCheck@7e990ed7] output={null}]]]>
              </value>
            </param>
          </params>
          <reporter-output>
          </reporter-output>
        </test-method> <!-- cleanUp -->
        <test-method signature="serverTest(java.util.HashMap)[pri:0, instance:farnasutsho.AppiumFramework.IOS.WireGuardServerCheck@7e990ed7]" started-at="2026-09-20T20:11:06 GMT+06:00" name="serverTest" data-provider="getData" finished-at="2026-09-20T20:11:45 GMT+06:00" duration-ms="39290" status="PASS">
          <params>
            <param index="0">
              <value>
                <![CDATA[{country=Japan, server=Japan, numberofservers=multiple, ip=172.233.82.44}]]>
              </value>
            </param>
          </params>
          <reporter-output>
          </reporter-output>
        </test-method> <!-- serverTest -->
        <test-method is-config="true" signature="cleanUp(org.testng.ITestResult)[pri:0, instance:farnasutsho.AppiumFramework.IOS.WireGuardServerCheck@7e990ed7]" started-at="2026-09-20T20:11:45 GMT+06:00" name="cleanUp" finished-at="2026-09-20T20:11:45 GMT+06:00" duration-ms="1" status="PASS">
          <params>
            <param index="0">
              <value>
                <![CDATA[[TestResult name=serverTest status=SUCCESS method=BaseServerStatusCheck.serverTest(java.util.HashMap)[pri:0, instance:farnasutsho.AppiumFramework.IOS.WireGuardServerCheck@7e990ed7] output={null}]]]>
              </value>
            </param>
          </params>
          <reporter-output>
          </reporter-output>
        </test-method> <!-- cleanUp -->
        <test-method signature="serverTest(java.util.HashMap)[pri:0, instance:farnasutsho.AppiumFramework.IOS.WireGuardServerCheck@7e990ed7]" started-at="2026-09-20T20:11:45 GMT+06:00" name="serverTest" data-provider="getData" finished-at="2026-09-20T20:12:19 GMT+06:00" duration-ms="33566" status="FAIL">
          <params>
            <param index="0">
              <value>
                <![CDATA[{country=Japan, server=Japan - 2, numberofservers=multiple, ip=167.104.164.22}]]>
              </value>
            </param>
          </params>
          <exception class="java.lang.AssertionError">
            <message>
              <![CDATA[expected [172.233.82.44] but found [167.104.164.22]]]>
            </message>
            <full-stacktrace>
              <![CDATA[java.lang.AssertionError: expected [172.233.82.44] but found [167.104.164.22]
at org.testng.Assert.fail(Assert.java:111)
at org.testng.Assert.failNotEquals(Assert.java:1590)
at org.testng.Assert.assertEqualsImpl(Assert.java:150)
at org.testng.Assert.assertEquals(Assert.java:132)
at org.testng.Assert.assertEquals(Assert.java:656)
at org.testng.Assert.assertEquals(Assert.java:666)
at farnasutsho.AppiumFramework.IOSBase.BaseServerStatusCheck.serverTest(BaseServerStatusCheck.java:165)
at java.base/jdk.internal.reflect.DirectMethodHandleAccessor.invoke(DirectMethodHandleAccessor.java:104)
at java.base/java.lang.reflect.Method.invoke(Method.java:565)
at org.testng.internal.invokers.MethodInvocationHelper.invokeMethod(MethodInvocationHelper.java:141)
at org.testng.internal.invokers.TestInvoker.invokeMethod(TestInvoker.java:687)
at org.testng.internal.invokers.TestInvoker.invokeTestMethod(TestInvoker.java:230)
at org.testng.internal.invokers.MethodRunner.runInSequence(MethodRunner.java:63)
at org.testng.internal.invokers.TestInvoker$MethodInvocationAgent.invoke(TestInvoker.java:995)
at org.testng.internal.invokers.TestInvoker.invokeTestMethods(TestInvoker.java:203)
at org.testng.internal.invokers.TestMethodWorker.invokeTestMethods(TestMethodWorker.java:154)
at org.testng.internal.invokers.TestMethodWorker.run(TestMethodWorker.java:134)
at java.base/java.util.ArrayList.forEach(ArrayList.java:1612)
at org.testng.TestRunner.privateRun(TestRunner.java:741)
at org.testng.TestRunner.run(TestRunner.java:616)
at org.testng.SuiteRunner.runTest(SuiteRunner.java:421)
at org.testng.SuiteRunner.runSequentially(SuiteRunner.java:413)
at org.testng.SuiteRunner.privateRun(SuiteRunner.java:373)
at org.testng.SuiteRunner.run(SuiteRunner.java:312)
at org.testng.SuiteRunnerWorker.runSuite(SuiteRunnerWorker.java:52)
at org.testng.SuiteRunnerWorker.run(SuiteRunnerWorker.java:95)
at org.testng.TestNG.runSuitesSequentially(TestNG.java:1274)
at org.testng.TestNG.runSuitesLocally(TestNG.java:1208)
at org.testng.TestNG.runSuites(TestNG.java:1112)
at org.testng.TestNG.run(TestNG.java:1079)
at org.testng.remote.AbstractRemoteTestNG.run(AbstractRemoteTestNG.java:115)
at org.testng.remote.RemoteTestNG.initAndRun(RemoteTestNG.java:293)
at org.testng.remote.RemoteTestNG.main(RemoteTestNG.java:91)
]]>
            </full-stacktrace>
          </exception> <!-- java.lang.AssertionError -->
          <reporter-output>
          </reporter-output>
        </test-method> <!-- serverTest -->
        <test-method is-config="true" signature="cleanUp(org.testng.ITestResult)[pri:0, instance:farnasutsho.AppiumFramework.IOS.WireGuardServerCheck@7e990ed7]" started-at="2026-09-20T20:12:19 GMT+06:00" name="cleanUp" finished-at="2026-09-20T20:12:22 GMT+06:00" duration-ms="2597" status="PASS">
          <params>
            <param index="0">
              <value>
                <![CDATA[[TestResult name=serverTest status=FAILURE method=BaseServerStatusCheck.serverTest(java.util.HashMap)[pri:0, instance:farnasutsho.AppiumFramework.IOS.WireGuardServerCheck@7e990ed7] output={null}]]]>
              </value>
            </param>
          </params>
          <reporter-output>
          </reporter-output>
        </test-method> <!-- cleanUp -->
        <test-method signature="serverTest(java.util.HashMap)[pri:0, instance:farnasutsho.AppiumFramework.IOS.WireGuardServerCheck@7e990ed7]" started-at="2026-09-20T20:12:22 GMT+06:00" name="serverTest" data-provider="getData" finished-at="2026-09-20T20:12:58 GMT+06:00" duration-ms="36296" status="PASS">
          <params>
            <param index="0">
              <value>
                <![CDATA[{country=Australia, server=Australia - 3, numberofservers=multiple, ip=85.155.189.176}]]>
              </value>
            </param>
          </params>
          <reporter-output>
          </reporter-output>
        </test-method> <!-- serverTest -->
        <test-method is-config="true" signature="cleanUp(org.testng.ITestResult)[pri:0, instance:farnasutsho.AppiumFramework.IOS.WireGuardServerCheck@7e990ed7]" started-at="2026-09-20T20:12:58 GMT+06:00" name="cleanUp" finished-at="2026-09-20T20:12:58 GMT+06:00" duration-ms="0" status="PASS">
          <params>
            <param index="0">
              <value>
                <![CDATA[[TestResult name=serverTest status=SUCCESS method=BaseServerStatusCheck.serverTest(java.util.HashMap)[pri:0, instance:farnasutsho.AppiumFramework.IOS.WireGuardServerCheck@7e990ed7] output={null}]]]>
              </value>
            </param>
          </params>
          <reporter-output>
          </reporter-output>
        </test-method> <!-- cleanUp -->
        <test-method signature="serverTest(java.util.HashMap)[pri:0, instance:farnasutsho.AppiumFramework.IOS.WireGuardServerCheck@7e990ed7]" started-at="2026-09-20T20:12:58 GMT+06:00" name="serverTest" data-provider="getData" finished-at="2026-09-20T20:13:33 GMT+06:00" duration-ms="35012" status="PASS">
          <params>
            <param index="0">
              <value>
                <![CDATA[{country=Australia, server=Australia - 10, numberofservers=multiple, ip=158.255.212.81}]]>
              </value>
            </param>
          </params>
          <reporter-output>
          </reporter-output>
        </test-method> <!-- serverTest -->
        <test-method is-config="true" signature="cleanUp(org.testng.ITestResult)[pri:0, instance:farnasutsho.AppiumFramework.IOS.WireGuardServerCheck@7e990ed7]" started-at="2026-09-20T20:13:33 GMT+06:00" name="cleanUp" finished-at="2026-09-20T20:13:33 GMT+06:00" duration-ms="1" status="PASS">
          <params>
            <param index="0">
              <value>
                <![CDATA[[TestResult name=serverTest status=SUCCESS method=BaseServerStatusCheck.serverTest(java.util.HashMap)[pri:0, instance:farnasutsho.AppiumFramework.IOS.WireGuardServerCheck@7e990ed7] output={null}]]]>
              </value>
            </param>
          </params>
          <reporter-output>
          </reporter-output>
        </test-method> <!-- cleanUp -->
        <test-method signature="serverTest(java.util.HashMap)[pri:0, instance:farnasutsho.AppiumFramework.IOS.WireGuardServerCheck@7e990ed7]" started-at="2026-09-20T20:13:33 GMT+06:00" name="serverTest" data-provider="getData" finished-at="2026-09-20T20:14:09 GMT+06:00" duration-ms="35885" status="PASS">
          <params>
            <param index="0">
              <value>
                <![CDATA[{country=Romania, server=Romania - 10, numberofservers=single, ip=194.14.217.183}]]>
              </value>
            </param>
          </params>
          <reporter-output>
          </reporter-output>
        </test-method> <!-- serverTest -->
        <test-method is-config="true" signature="cleanUp(org.testng.ITestResult)[pri:0, instance:farnasutsho.AppiumFramework.IOS.WireGuardServerCheck@7e990ed7]" started-at="2026-09-20T20:14:09 GMT+06:00" name="cleanUp" finished-at="2026-09-20T20:14:09 GMT+06:00" duration-ms="1" status="PASS">
          <params>
            <param index="0">
              <value>
                <![CDATA[[TestResult name=serverTest status=SUCCESS method=BaseServerStatusCheck.serverTest(java.util.HashMap)[pri:0, instance:farnasutsho.AppiumFramework.IOS.WireGuardServerCheck@7e990ed7] output={null}]]]>
              </value>
            </param>
          </params>
          <reporter-output>
          </reporter-output>
        </test-method> <!-- cleanUp -->
        <test-method signature="serverTest(java.util.HashMap)[pri:0, instance:farnasutsho.AppiumFramework.IOS.WireGuardServerCheck@7e990ed7]" started-at="2026-09-20T20:14:09 GMT+06:00" name="serverTest" data-provider="getData" finished-at="2026-09-20T20:14:43 GMT+06:00" duration-ms="34315" status="PASS">
          <params>
            <param index="0">
              <value>
                <![CDATA[{country=Canada, server=Canada - 10, numberofservers=single, ip=188.190.17.27}]]>
              </value>
            </param>
          </params>
          <reporter-output>
          </reporter-output>
        </test-method> <!-- serverTest -->
        <test-method is-config="true" signature="cleanUp(org.testng.ITestResult)[pri:0, instance:farnasutsho.AppiumFramework.IOS.WireGuardServerCheck@7e990ed7]" started-at="2026-09-20T20:14:43 GMT+06:00" name="cleanUp" finished-at="2026-09-20T20:14:43 GMT+06:00" duration-ms="1" status="PASS">
          <params>
            <param index="0">
              <value>
                <![CDATA[[TestResult name=serverTest status=SUCCESS method=BaseServerStatusCheck.serverTest(java.util.HashMap)[pri:0, instance:farnasutsho.AppiumFramework.IOS.WireGuardServerCheck@7e990ed7] output={null}]]]>
              </value>
            </param>
          </params>
          <reporter-output>
          </reporter-output>
        </test-method> <!-- cleanUp -->
        <test-method signature="serverTest(java.util.HashMap)[pri:0, instance:farnasutsho.AppiumFramework.IOS.WireGuardServerCheck@7e990ed7]" started-at="2026-09-20T20:14:43 GMT+06:00" name="serverTest" data-provider="getData" finished-at="2026-09-20T20:15:19 GMT+06:00" duration-ms="35878" status="PASS">
          <params>
            <param index="0">
              <value>
                <![CDATA[{country=Poland, server=Poland, numberofservers=single, ip=89.46.235.79}]]>
              </value>
            </param>
          </params>
          <reporter-output>
          </reporter-output>
        </test-method> <!-- serverTest -->
        <test-method is-config="true" signature="cleanUp(org.testng.ITestResult)[pri:0, instance:farnasutsho.AppiumFramework.IOS.WireGuardServerCheck@7e990ed7]" started-at="2026-09-20T20:15:19 GMT+06:00" name="cleanUp" finished-at="2026-09-20T20:15:19 GMT+06:00" duration-ms="2" status="PASS">
          <params>
            <param index="0">
              <value>
                <![CDATA[[TestResult name=serverTest status=SUCCESS method=BaseServerStatusCheck.serverTest(java.util.HashMap)[pri:0, instance:farnasutsho.AppiumFramework.IOS.WireGuardServerCheck@7e990ed7] output={null}]]]>
              </value>
            </param>
          </params>
          <reporter-output>
          </reporter-output>
        </test-method> <!-- cleanUp -->
        <test-method signature="serverTest(java.util.HashMap)[pri:0, instance:farnasutsho.AppiumFramework.IOS.WireGuardServerCheck@7e990ed7]" started-at="2026-09-20T20:15:19 GMT+06:00" name="serverTest" data-provider="getData" finished-at="2026-09-20T20:15:52 GMT+06:00" duration-ms="32403" status="FAIL">
          <params>
            <param index="0">
              <value>
                <![CDATA[{country=United Kingdom, server=United Kingdom - 3, numberofservers=multiple, ip=216.245.140.24}]]>
              </value>
            </param>
          </params>
          <exception class="java.lang.AssertionError">
            <message>
              <![CDATA[expected [216.245.140.28] but found [216.245.140.24]]]>
            </message>
            <full-stacktrace>
              <![CDATA[java.lang.AssertionError: expected [216.245.140.28] but found [216.245.140.24]
at org.testng.Assert.fail(Assert.java:111)
at org.testng.Assert.failNotEquals(Assert.java:1590)
at org.testng.Assert.assertEqualsImpl(Assert.java:150)
at org.testng.Assert.assertEquals(Assert.java:132)
at org.testng.Assert.assertEquals(Assert.java:656)
at org.testng.Assert.assertEquals(Assert.java:666)
at farnasutsho.AppiumFramework.IOSBase.BaseServerStatusCheck.serverTest(BaseServerStatusCheck.java:165)
at java.base/jdk.internal.reflect.DirectMethodHandleAccessor.invoke(DirectMethodHandleAccessor.java:104)
at java.base/java.lang.reflect.Method.invoke(Method.java:565)
at org.testng.internal.invokers.MethodInvocationHelper.invokeMethod(MethodInvocationHelper.java:141)
at org.testng.internal.invokers.TestInvoker.invokeMethod(TestInvoker.java:687)
at org.testng.internal.invokers.TestInvoker.invokeTestMethod(TestInvoker.java:230)
at org.testng.internal.invokers.MethodRunner.runInSequence(MethodRunner.java:63)
at org.testng.internal.invokers.TestInvoker$MethodInvocationAgent.invoke(TestInvoker.java:995)
at org.testng.internal.invokers.TestInvoker.invokeTestMethods(TestInvoker.java:203)
at org.testng.internal.invokers.TestMethodWorker.invokeTestMethods(TestMethodWorker.java:154)
at org.testng.internal.invokers.TestMethodWorker.run(TestMethodWorker.java:134)
at java.base/java.util.ArrayList.forEach(ArrayList.java:1612)
at org.testng.TestRunner.privateRun(TestRunner.java:741)
at org.testng.TestRunner.run(TestRunner.java:616)
at org.testng.SuiteRunner.runTest(SuiteRunner.java:421)
at org.testng.SuiteRunner.runSequentially(SuiteRunner.java:413)
at org.testng.SuiteRunner.privateRun(SuiteRunner.java:373)
at org.testng.SuiteRunner.run(SuiteRunner.java:312)
at org.testng.SuiteRunnerWorker.runSuite(SuiteRunnerWorker.java:52)
at org.testng.SuiteRunnerWorker.run(SuiteRunnerWorker.java:95)
at org.testng.TestNG.runSuitesSequentially(TestNG.java:1274)
at org.testng.TestNG.runSuitesLocally(TestNG.java:1208)
at org.testng.TestNG.runSuites(TestNG.java:1112)
at org.testng.TestNG.run(TestNG.java:1079)
at org.testng.remote.AbstractRemoteTestNG.run(AbstractRemoteTestNG.java:115)
at org.testng.remote.RemoteTestNG.initAndRun(RemoteTestNG.java:293)
at org.testng.remote.RemoteTestNG.main(RemoteTestNG.java:91)
]]>
            </full-stacktrace>
          </exception> <!-- java.lang.AssertionError -->
          <reporter-output>
          </reporter-output>
        </test-method> <!-- serverTest -->
        <test-method is-config="true" signature="cleanUp(org.testng.ITestResult)[pri:0, instance:farnasutsho.AppiumFramework.IOS.WireGuardServerCheck@7e990ed7]" started-at="2026-09-20T20:15:52 GMT+06:00" name="cleanUp" finished-at="2026-09-20T20:15:55 GMT+06:00" duration-ms="2651" status="PASS">
          <params>
            <param index="0">
              <value>
                <![CDATA[[TestResult name=serverTest status=FAILURE method=BaseServerStatusCheck.serverTest(java.util.HashMap)[pri:0, instance:farnasutsho.AppiumFramework.IOS.WireGuardServerCheck@7e990ed7] output={null}]]]>
              </value>
            </param>
          </params>
          <reporter-output>
          </reporter-output>
        </test-method> <!-- cleanUp -->
        <test-method signature="serverTest(java.util.HashMap)[pri:0, instance:farnasutsho.AppiumFramework.IOS.WireGuardServerCheck@7e990ed7]" started-at="2026-09-20T20:15:55 GMT+06:00" name="serverTest" data-provider="getData" finished-at="2026-09-20T20:16:32 GMT+06:00" duration-ms="37537" status="PASS">
          <params>
            <param index="0">
              <value>
                <![CDATA[{country=United Kingdom, server=United Kingdom - 4, numberofservers=multiple, ip=216.245.140.28}]]>
              </value>
            </param>
          </params>
          <reporter-output>
          </reporter-output>
        </test-method> <!-- serverTest -->
        <test-method is-config="true" signature="cleanUp(org.testng.ITestResult)[pri:0, instance:farnasutsho.AppiumFramework.IOS.WireGuardServerCheck@7e990ed7]" started-at="2026-09-20T20:16:32 GMT+06:00" name="cleanUp" finished-at="2026-09-20T20:16:32 GMT+06:00" duration-ms="1" status="PASS">
          <params>
            <param index="0">
              <value>
                <![CDATA[[TestResult name=serverTest status=SUCCESS method=BaseServerStatusCheck.serverTest(java.util.HashMap)[pri:0, instance:farnasutsho.AppiumFramework.IOS.WireGuardServerCheck@7e990ed7] output={null}]]]>
              </value>
            </param>
          </params>
          <reporter-output>
          </reporter-output>
        </test-method> <!-- cleanUp -->
        <test-method signature="serverTest(java.util.HashMap)[pri:0, instance:farnasutsho.AppiumFramework.IOS.WireGuardServerCheck@7e990ed7]" started-at="2026-09-20T20:16:32 GMT+06:00" name="serverTest" data-provider="getData" finished-at="2026-09-20T20:17:08 GMT+06:00" duration-ms="35833" status="PASS">
          <params>
            <param index="0">
              <value>
                <![CDATA[{country=United Kingdom, server=United Kingdom - 5, numberofservers=multiple, ip=216.245.140.28}]]>
              </value>
            </param>
          </params>
          <reporter-output>
          </reporter-output>
        </test-method> <!-- serverTest -->
        <test-method is-config="true" signature="cleanUp(org.testng.ITestResult)[pri:0, instance:farnasutsho.AppiumFramework.IOS.WireGuardServerCheck@7e990ed7]" started-at="2026-09-20T20:17:08 GMT+06:00" name="cleanUp" finished-at="2026-09-20T20:17:08 GMT+06:00" duration-ms="0" status="PASS">
          <params>
            <param index="0">
              <value>
                <![CDATA[[TestResult name=serverTest status=SUCCESS method=BaseServerStatusCheck.serverTest(java.util.HashMap)[pri:0, instance:farnasutsho.AppiumFramework.IOS.WireGuardServerCheck@7e990ed7] output={null}]]]>
              </value>
            </param>
          </params>
          <reporter-output>
          </reporter-output>
        </test-method> <!-- cleanUp -->
        <test-method signature="serverTest(java.util.HashMap)[pri:0, instance:farnasutsho.AppiumFramework.IOS.WireGuardServerCheck@7e990ed7]" started-at="2026-09-20T20:17:08 GMT+06:00" name="serverTest" data-provider="getData" finished-at="2026-09-20T20:17:44 GMT+06:00" duration-ms="35966" status="PASS">
          <params>
            <param index="0">
              <value>
                <![CDATA[{country=South Korea, server=South Korea - 1, numberofservers=multiple, ip=172.233.82.44}]]>
              </value>
            </param>
          </params>
          <reporter-output>
          </reporter-output>
        </test-method> <!-- serverTest -->
        <test-method is-config="true" signature="cleanUp(org.testng.ITestResult)[pri:0, instance:farnasutsho.AppiumFramework.IOS.WireGuardServerCheck@7e990ed7]" started-at="2026-09-20T20:17:44 GMT+06:00" name="cleanUp" finished-at="2026-09-20T20:17:44 GMT+06:00" duration-ms="1" status="PASS">
          <params>
            <param index="0">
              <value>
                <![CDATA[[TestResult name=serverTest status=SUCCESS method=BaseServerStatusCheck.serverTest(java.util.HashMap)[pri:0, instance:farnasutsho.AppiumFramework.IOS.WireGuardServerCheck@7e990ed7] output={null}]]]>
              </value>
            </param>
          </params>
          <reporter-output>
          </reporter-output>
        </test-method> <!-- cleanUp -->
        <test-method signature="serverTest(java.util.HashMap)[pri:0, instance:farnasutsho.AppiumFramework.IOS.WireGuardServerCheck@7e990ed7]" started-at="2026-09-20T20:17:44 GMT+06:00" name="serverTest" data-provider="getData" finished-at="2026-09-20T20:18:19 GMT+06:00" duration-ms="34979" status="PASS">
          <params>
            <param index="0">
              <value>
                <![CDATA[{country=South Korea, server=South Korea - 2, numberofservers=multiple, ip=172.233.82.44}]]>
              </value>
            </param>
          </params>
          <reporter-output>
          </reporter-output>
        </test-method> <!-- serverTest -->
        <test-method is-config="true" signature="cleanUp(org.testng.ITestResult)[pri:0, instance:farnasutsho.AppiumFramework.IOS.WireGuardServerCheck@7e990ed7]" started-at="2026-09-20T20:18:19 GMT+06:00" name="cleanUp" finished-at="2026-09-20T20:18:19 GMT+06:00" duration-ms="0" status="PASS">
          <params>
            <param index="0">
              <value>
                <![CDATA[[TestResult name=serverTest status=SUCCESS method=BaseServerStatusCheck.serverTest(java.util.HashMap)[pri:0, instance:farnasutsho.AppiumFramework.IOS.WireGuardServerCheck@7e990ed7] output={null}]]]>
              </value>
            </param>
          </params>
          <reporter-output>
          </reporter-output>
        </test-method> <!-- cleanUp -->
        <test-method signature="serverTest(java.util.HashMap)[pri:0, instance:farnasutsho.AppiumFramework.IOS.WireGuardServerCheck@7e990ed7]" started-at="2026-09-20T20:18:19 GMT+06:00" name="serverTest" data-provider="getData" finished-at="2026-09-20T20:18:54 GMT+06:00" duration-ms="34558" status="PASS">
          <params>
            <param index="0">
              <value>
                <![CDATA[{country=South Korea, server=South Korea - 3, numberofservers=multiple, ip=172.233.82.44}]]>
              </value>
            </param>
          </params>
          <reporter-output>
          </reporter-output>
        </test-method> <!-- serverTest -->
        <test-method is-config="true" signature="cleanUp(org.testng.ITestResult)[pri:0, instance:farnasutsho.AppiumFramework.IOS.WireGuardServerCheck@7e990ed7]" started-at="2026-09-20T20:18:54 GMT+06:00" name="cleanUp" finished-at="2026-09-20T20:18:54 GMT+06:00" duration-ms="0" status="PASS">
          <params>
            <param index="0">
              <value>
                <![CDATA[[TestResult name=serverTest status=SUCCESS method=BaseServerStatusCheck.serverTest(java.util.HashMap)[pri:0, instance:farnasutsho.AppiumFramework.IOS.WireGuardServerCheck@7e990ed7] output={null}]]]>
              </value>
            </param>
          </params>
          <reporter-output>
          </reporter-output>
        </test-method> <!-- cleanUp -->
        <test-method signature="serverTest(java.util.HashMap)[pri:0, instance:farnasutsho.AppiumFramework.IOS.WireGuardServerCheck@7e990ed7]" started-at="2026-09-20T20:18:54 GMT+06:00" name="serverTest" data-provider="getData" finished-at="2026-09-20T20:19:31 GMT+06:00" duration-ms="37390" status="PASS">
          <params>
            <param index="0">
              <value>
                <![CDATA[{country=South Korea, server=South Korea - 6, numberofservers=multiple, ip=85.155.177.151}]]>
              </value>
            </param>
          </params>
          <reporter-output>
          </reporter-output>
        </test-method> <!-- serverTest -->
        <test-method is-config="true" signature="cleanUp(org.testng.ITestResult)[pri:0, instance:farnasutsho.AppiumFramework.IOS.WireGuardServerCheck@7e990ed7]" started-at="2026-09-20T20:19:31 GMT+06:00" name="cleanUp" finished-at="2026-09-20T20:19:31 GMT+06:00" duration-ms="1" status="PASS">
          <params>
            <param index="0">
              <value>
                <![CDATA[[TestResult name=serverTest status=SUCCESS method=BaseServerStatusCheck.serverTest(java.util.HashMap)[pri:0, instance:farnasutsho.AppiumFramework.IOS.WireGuardServerCheck@7e990ed7] output={null}]]]>
              </value>
            </param>
          </params>
          <reporter-output>
          </reporter-output>
        </test-method> <!-- cleanUp -->
        <test-method signature="serverTest(java.util.HashMap)[pri:0, instance:farnasutsho.AppiumFramework.IOS.WireGuardServerCheck@7e990ed7]" started-at="2026-09-20T20:19:31 GMT+06:00" name="serverTest" data-provider="getData" finished-at="2026-09-20T20:20:14 GMT+06:00" duration-ms="42489" status="PASS">
          <params>
            <param index="0">
              <value>
                <![CDATA[{country=Switzerland, server=Zurich - 1, numberofservers=single, ip=85.155.182.185}]]>
              </value>
            </param>
          </params>
          <reporter-output>
          </reporter-output>
        </test-method> <!-- serverTest -->
        <test-method is-config="true" signature="cleanUp(org.testng.ITestResult)[pri:0, instance:farnasutsho.AppiumFramework.IOS.WireGuardServerCheck@7e990ed7]" started-at="2026-09-20T20:20:14 GMT+06:00" name="cleanUp" finished-at="2026-09-20T20:20:14 GMT+06:00" duration-ms="1" status="PASS">
          <params>
            <param index="0">
              <value>
                <![CDATA[[TestResult name=serverTest status=SUCCESS method=BaseServerStatusCheck.serverTest(java.util.HashMap)[pri:0, instance:farnasutsho.AppiumFramework.IOS.WireGuardServerCheck@7e990ed7] output={null}]]]>
              </value>
            </param>
          </params>
          <reporter-output>
          </reporter-output>
        </test-method> <!-- cleanUp -->
        <test-method signature="serverTest(java.util.HashMap)[pri:0, instance:farnasutsho.AppiumFramework.IOS.WireGuardServerCheck@7e990ed7]" started-at="2026-09-20T20:20:14 GMT+06:00" name="serverTest" data-provider="getData" finished-at="2026-09-20T20:20:52 GMT+06:00" duration-ms="38243" status="PASS">
          <params>
            <param index="0">
              <value>
                <![CDATA[{country=United Arab Emirates, server=United Arab Emirates, numberofservers=single, ip=91.132.93.28}]]>
              </value>
            </param>
          </params>
          <reporter-output>
          </reporter-output>
        </test-method> <!-- serverTest -->
        <test-method is-config="true" signature="cleanUp(org.testng.ITestResult)[pri:0, instance:farnasutsho.AppiumFramework.IOS.WireGuardServerCheck@7e990ed7]" started-at="2026-09-20T20:20:52 GMT+06:00" name="cleanUp" finished-at="2026-09-20T20:20:52 GMT+06:00" duration-ms="1" status="PASS">
          <params>
            <param index="0">
              <value>
                <![CDATA[[TestResult name=serverTest status=SUCCESS method=BaseServerStatusCheck.serverTest(java.util.HashMap)[pri:0, instance:farnasutsho.AppiumFramework.IOS.WireGuardServerCheck@7e990ed7] output={null}]]]>
              </value>
            </param>
          </params>
          <reporter-output>
          </reporter-output>
        </test-method> <!-- cleanUp -->
        <test-method signature="serverTest(java.util.HashMap)[pri:0, instance:farnasutsho.AppiumFramework.IOS.WireGuardServerCheck@7e990ed7]" started-at="2026-09-20T20:20:52 GMT+06:00" name="serverTest" data-provider="getData" finished-at="2026-09-20T20:21:30 GMT+06:00" duration-ms="37916" status="PASS">
          <params>
            <param index="0">
              <value>
                <![CDATA[{country=Norway, server=Norway - 3, numberofservers=multiple, ip=194.127.178.55}]]>
              </value>
            </param>
          </params>
          <reporter-output>
          </reporter-output>
        </test-method> <!-- serverTest -->
        <test-method is-config="true" signature="cleanUp(org.testng.ITestResult)[pri:0, instance:farnasutsho.AppiumFramework.IOS.WireGuardServerCheck@7e990ed7]" started-at="2026-09-20T20:21:30 GMT+06:00" name="cleanUp" finished-at="2026-09-20T20:21:30 GMT+06:00" duration-ms="5" status="PASS">
          <params>
            <param index="0">
              <value>
                <![CDATA[[TestResult name=serverTest status=SUCCESS method=BaseServerStatusCheck.serverTest(java.util.HashMap)[pri:0, instance:farnasutsho.AppiumFramework.IOS.WireGuardServerCheck@7e990ed7] output={null}]]]>
              </value>
            </param>
          </params>
          <reporter-output>
          </reporter-output>
        </test-method> <!-- cleanUp -->
        <test-method signature="serverTest(java.util.HashMap)[pri:0, instance:farnasutsho.AppiumFramework.IOS.WireGuardServerCheck@7e990ed7]" started-at="2026-09-20T20:21:30 GMT+06:00" name="serverTest" data-provider="getData" finished-at="2026-09-20T20:22:17 GMT+06:00" duration-ms="47440" status="PASS">
          <params>
            <param index="0">
              <value>
                <![CDATA[{country=Norway, server=Oslo, numberofservers=multiple, ip=167.104.108.188}]]>
              </value>
            </param>
          </params>
          <reporter-output>
          </reporter-output>
        </test-method> <!-- serverTest -->
        <test-method is-config="true" signature="cleanUp(org.testng.ITestResult)[pri:0, instance:farnasutsho.AppiumFramework.IOS.WireGuardServerCheck@7e990ed7]" started-at="2026-09-20T20:22:17 GMT+06:00" name="cleanUp" finished-at="2026-09-20T20:22:17 GMT+06:00" duration-ms="1" status="PASS">
          <params>
            <param index="0">
              <value>
                <![CDATA[[TestResult name=serverTest status=SUCCESS method=BaseServerStatusCheck.serverTest(java.util.HashMap)[pri:0, instance:farnasutsho.AppiumFramework.IOS.WireGuardServerCheck@7e990ed7] output={null}]]]>
              </value>
            </param>
          </params>
          <reporter-output>
          </reporter-output>
        </test-method> <!-- cleanUp -->
        <test-method signature="serverTest(java.util.HashMap)[pri:0, instance:farnasutsho.AppiumFramework.IOS.WireGuardServerCheck@7e990ed7]" started-at="2026-09-20T20:22:17 GMT+06:00" name="serverTest" data-provider="getData" finished-at="2026-09-20T20:23:05 GMT+06:00" duration-ms="47921" status="PASS">
          <params>
            <param index="0">
              <value>
                <![CDATA[{country=HongKong, server=HongKong - 1, numberofservers=multiple, ip=103.69.128.163}]]>
              </value>
            </param>
          </params>
          <reporter-output>
          </reporter-output>
        </test-method> <!-- serverTest -->
        <test-method is-config="true" signature="cleanUp(org.testng.ITestResult)[pri:0, instance:farnasutsho.AppiumFramework.IOS.WireGuardServerCheck@7e990ed7]" started-at="2026-09-20T20:23:05 GMT+06:00" name="cleanUp" finished-at="2026-09-20T20:23:05 GMT+06:00" duration-ms="1" status="PASS">
          <params>
            <param index="0">
              <value>
                <![CDATA[[TestResult name=serverTest status=SUCCESS method=BaseServerStatusCheck.serverTest(java.util.HashMap)[pri:0, instance:farnasutsho.AppiumFramework.IOS.WireGuardServerCheck@7e990ed7] output={null}]]]>
              </value>
            </param>
          </params>
          <reporter-output>
          </reporter-output>
        </test-method> <!-- cleanUp -->
        <test-method signature="serverTest(java.util.HashMap)[pri:0, instance:farnasutsho.AppiumFramework.IOS.WireGuardServerCheck@7e990ed7]" started-at="2026-09-20T20:23:05 GMT+06:00" name="serverTest" data-provider="getData" finished-at="2026-09-20T20:23:56 GMT+06:00" duration-ms="51197" status="PASS">
          <params>
            <param index="0">
              <value>
                <![CDATA[{country=HongKong, server=HongKong - 2, numberofservers=multiple, ip=103.69.129.42}]]>
              </value>
            </param>
          </params>
          <reporter-output>
          </reporter-output>
        </test-method> <!-- serverTest -->
        <test-method is-config="true" signature="cleanUp(org.testng.ITestResult)[pri:0, instance:farnasutsho.AppiumFramework.IOS.WireGuardServerCheck@7e990ed7]" started-at="2026-09-20T20:23:56 GMT+06:00" name="cleanUp" finished-at="2026-09-20T20:23:56 GMT+06:00" duration-ms="2" status="PASS">
          <params>
            <param index="0">
              <value>
                <![CDATA[[TestResult name=serverTest status=SUCCESS method=BaseServerStatusCheck.serverTest(java.util.HashMap)[pri:0, instance:farnasutsho.AppiumFramework.IOS.WireGuardServerCheck@7e990ed7] output={null}]]]>
              </value>
            </param>
          </params>
          <reporter-output>
          </reporter-output>
        </test-method> <!-- cleanUp -->
        <test-method signature="serverTest(java.util.HashMap)[pri:0, instance:farnasutsho.AppiumFramework.IOS.WireGuardServerCheck@7e990ed7]" started-at="2026-09-20T20:23:56 GMT+06:00" name="serverTest" data-provider="getData" finished-at="2026-09-20T20:24:47 GMT+06:00" duration-ms="50407" status="PASS">
          <params>
            <param index="0">
              <value>
                <![CDATA[{country=HongKong, server=Hong Kong - 10, numberofservers=multiple, ip=158.255.208.111}]]>
              </value>
            </param>
          </params>
          <reporter-output>
          </reporter-output>
        </test-method> <!-- serverTest -->
        <test-method is-config="true" signature="cleanUp(org.testng.ITestResult)[pri:0, instance:farnasutsho.AppiumFramework.IOS.WireGuardServerCheck@7e990ed7]" started-at="2026-09-20T20:24:47 GMT+06:00" name="cleanUp" finished-at="2026-09-20T20:24:47 GMT+06:00" duration-ms="1" status="PASS">
          <params>
            <param index="0">
              <value>
                <![CDATA[[TestResult name=serverTest status=SUCCESS method=BaseServerStatusCheck.serverTest(java.util.HashMap)[pri:0, instance:farnasutsho.AppiumFramework.IOS.WireGuardServerCheck@7e990ed7] output={null}]]]>
              </value>
            </param>
          </params>
          <reporter-output>
          </reporter-output>
        </test-method> <!-- cleanUp -->
        <test-method signature="serverTest(java.util.HashMap)[pri:0, instance:farnasutsho.AppiumFramework.IOS.WireGuardServerCheck@7e990ed7]" started-at="2026-09-20T20:24:47 GMT+06:00" name="serverTest" data-provider="getData" finished-at="2026-09-20T20:25:27 GMT+06:00" duration-ms="40591" status="PASS">
          <params>
            <param index="0">
              <value>
                <![CDATA[{country=Greecce, server=Greecce - 1, numberofservers=single, ip=185.234.52.249}]]>
              </value>
            </param>
          </params>
          <reporter-output>
          </reporter-output>
        </test-method> <!-- serverTest -->
        <test-method is-config="true" signature="cleanUp(org.testng.ITestResult)[pri:0, instance:farnasutsho.AppiumFramework.IOS.WireGuardServerCheck@7e990ed7]" started-at="2026-09-20T20:25:27 GMT+06:00" name="cleanUp" finished-at="2026-09-20T20:25:27 GMT+06:00" duration-ms="2" status="PASS">
          <params>
            <param index="0">
              <value>
                <![CDATA[[TestResult name=serverTest status=SUCCESS method=BaseServerStatusCheck.serverTest(java.util.HashMap)[pri:0, instance:farnasutsho.AppiumFramework.IOS.WireGuardServerCheck@7e990ed7] output={null}]]]>
              </value>
            </param>
          </params>
          <reporter-output>
          </reporter-output>
        </test-method> <!-- cleanUp -->
        <test-method signature="serverTest(java.util.HashMap)[pri:0, instance:farnasutsho.AppiumFramework.IOS.WireGuardServerCheck@7e990ed7]" started-at="2026-09-20T20:25:27 GMT+06:00" name="serverTest" data-provider="getData" finished-at="2026-09-20T20:26:08 GMT+06:00" duration-ms="40342" status="PASS">
          <params>
            <param index="0">
              <value>
                <![CDATA[{country=Ireland, server=Ireland - 10, numberofservers=single, ip=194.26.213.42}]]>
              </value>
            </param>
          </params>
          <reporter-output>
          </reporter-output>
        </test-method> <!-- serverTest -->
        <test-method is-config="true" signature="cleanUp(org.testng.ITestResult)[pri:0, instance:farnasutsho.AppiumFramework.IOS.WireGuardServerCheck@7e990ed7]" started-at="2026-09-20T20:26:08 GMT+06:00" name="cleanUp" finished-at="2026-09-20T20:26:08 GMT+06:00" duration-ms="1" status="PASS">
          <params>
            <param index="0">
              <value>
                <![CDATA[[TestResult name=serverTest status=SUCCESS method=BaseServerStatusCheck.serverTest(java.util.HashMap)[pri:0, instance:farnasutsho.AppiumFramework.IOS.WireGuardServerCheck@7e990ed7] output={null}]]]>
              </value>
            </param>
          </params>
          <reporter-output>
          </reporter-output>
        </test-method> <!-- cleanUp -->
        <test-method signature="serverTest(java.util.HashMap)[pri:0, instance:farnasutsho.AppiumFramework.IOS.WireGuardServerCheck@7e990ed7]" started-at="2026-09-20T20:26:08 GMT+06:00" name="serverTest" data-provider="getData" finished-at="2026-09-20T20:26:49 GMT+06:00" duration-ms="41199" status="PASS">
          <params>
            <param index="0">
              <value>
                <![CDATA[{country=Czech Republic, server=Czech Republic, numberofservers=single, ip=185.122.186.101}]]>
              </value>
            </param>
          </params>
          <reporter-output>
          </reporter-output>
        </test-method> <!-- serverTest -->
        <test-method is-config="true" signature="cleanUp(org.testng.ITestResult)[pri:0, instance:farnasutsho.AppiumFramework.IOS.WireGuardServerCheck@7e990ed7]" started-at="2026-09-20T20:26:49 GMT+06:00" name="cleanUp" finished-at="2026-09-20T20:26:49 GMT+06:00" duration-ms="1" status="PASS">
          <params>
            <param index="0">
              <value>
                <![CDATA[[TestResult name=serverTest status=SUCCESS method=BaseServerStatusCheck.serverTest(java.util.HashMap)[pri:0, instance:farnasutsho.AppiumFramework.IOS.WireGuardServerCheck@7e990ed7] output={null}]]]>
              </value>
            </param>
          </params>
          <reporter-output>
          </reporter-output>
        </test-method> <!-- cleanUp -->
        <test-method is-config="true" signature="tearDown()[pri:0, instance:farnasutsho.AppiumFramework.IOS.WireGuardServerCheck@7e990ed7]" started-at="2026-09-20T20:26:49 GMT+06:00" name="tearDown" finished-at="2026-09-20T20:26:49 GMT+06:00" duration-ms="259" status="PASS">
          <reporter-output>
          </reporter-output>
        </test-method> <!-- tearDown -->
      </class> <!-- farnasutsho.AppiumFramework.IOS.WireGuardServerCheck -->
      <class name="farnasutsho.AppiumFramework.IOS.VMessServerCheck">
        <test-method is-config="true" signature="ConfigureAppium()[pri:0, instance:farnasutsho.AppiumFramework.IOS.VMessServerCheck@55de24cc]" started-at="2026-09-20T19:12:02 GMT+06:00" name="ConfigureAppium" finished-at="2026-09-20T19:12:51 GMT+06:00" duration-ms="49177" status="PASS">
          <reporter-output>
          </reporter-output>
        </test-method> <!-- ConfigureAppium -->
        <test-method is-config="true" signature="setupProtocol()[pri:0, instance:farnasutsho.AppiumFramework.IOS.VMessServerCheck@55de24cc]" started-at="2026-09-20T19:12:51 GMT+06:00" name="setupProtocol" finished-at="2026-09-20T19:13:06 GMT+06:00" duration-ms="14908" status="PASS">
          <reporter-output>
          </reporter-output>
        </test-method> <!-- setupProtocol -->
        <test-method signature="serverTest(java.util.HashMap)[pri:0, instance:farnasutsho.AppiumFramework.IOS.VMessServerCheck@55de24cc]" started-at="2026-09-20T19:13:06 GMT+06:00" name="serverTest" data-provider="getData" finished-at="2026-09-20T19:13:34 GMT+06:00" duration-ms="27971" status="PASS">
          <params>
            <param index="0">
              <value>
                <![CDATA[{country=India, server=India - 3, numberofservers=multiple, ip=172.105.58.19}]]>
              </value>
            </param>
          </params>
          <reporter-output>
          </reporter-output>
        </test-method> <!-- serverTest -->
        <test-method is-config="true" signature="cleanUp(org.testng.ITestResult)[pri:0, instance:farnasutsho.AppiumFramework.IOS.VMessServerCheck@55de24cc]" started-at="2026-09-20T19:13:34 GMT+06:00" name="cleanUp" finished-at="2026-09-20T19:13:34 GMT+06:00" duration-ms="1" status="PASS">
          <params>
            <param index="0">
              <value>
                <![CDATA[[TestResult name=serverTest status=SUCCESS method=BaseServerStatusCheck.serverTest(java.util.HashMap)[pri:0, instance:farnasutsho.AppiumFramework.IOS.VMessServerCheck@55de24cc] output={null}]]]>
              </value>
            </param>
          </params>
          <reporter-output>
          </reporter-output>
        </test-method> <!-- cleanUp -->
        <test-method signature="serverTest(java.util.HashMap)[pri:0, instance:farnasutsho.AppiumFramework.IOS.VMessServerCheck@55de24cc]" started-at="2026-09-20T19:13:34 GMT+06:00" name="serverTest" data-provider="getData" finished-at="2026-09-20T19:14:02 GMT+06:00" duration-ms="27717" status="PASS">
          <params>
            <param index="0">
              <value>
                <![CDATA[{country=India, server=India - 10, numberofservers=multiple, ip=172.105.58.19}]]>
              </value>
            </param>
          </params>
          <reporter-output>
          </reporter-output>
        </test-method> <!-- serverTest -->
        <test-method is-config="true" signature="cleanUp(org.testng.ITestResult)[pri:0, instance:farnasutsho.AppiumFramework.IOS.VMessServerCheck@55de24cc]" started-at="2026-09-20T19:14:02 GMT+06:00" name="cleanUp" finished-at="2026-09-20T19:14:02 GMT+06:00" duration-ms="1" status="PASS">
          <params>
            <param index="0">
              <value>
                <![CDATA[[TestResult name=serverTest status=SUCCESS method=BaseServerStatusCheck.serverTest(java.util.HashMap)[pri:0, instance:farnasutsho.AppiumFramework.IOS.VMessServerCheck@55de24cc] output={null}]]]>
              </value>
            </param>
          </params>
          <reporter-output>
          </reporter-output>
        </test-method> <!-- cleanUp -->
        <test-method signature="serverTest(java.util.HashMap)[pri:0, instance:farnasutsho.AppiumFramework.IOS.VMessServerCheck@55de24cc]" started-at="2026-09-20T19:14:02 GMT+06:00" name="serverTest" data-provider="getData" finished-at="2026-09-20T19:14:30 GMT+06:00" duration-ms="27765" status="PASS">
          <params>
            <param index="0">
              <value>
                <![CDATA[{country=India, server=India - 11, numberofservers=multiple, ip=172.105.58.19}]]>
              </value>
            </param>
          </params>
          <reporter-output>
          </reporter-output>
        </test-method> <!-- serverTest -->
        <test-method is-config="true" signature="cleanUp(org.testng.ITestResult)[pri:0, instance:farnasutsho.AppiumFramework.IOS.VMessServerCheck@55de24cc]" started-at="2026-09-20T19:14:30 GMT+06:00" name="cleanUp" finished-at="2026-09-20T19:14:30 GMT+06:00" duration-ms="1" status="PASS">
          <params>
            <param index="0">
              <value>
                <![CDATA[[TestResult name=serverTest status=SUCCESS method=BaseServerStatusCheck.serverTest(java.util.HashMap)[pri:0, instance:farnasutsho.AppiumFramework.IOS.VMessServerCheck@55de24cc] output={null}]]]>
              </value>
            </param>
          </params>
          <reporter-output>
          </reporter-output>
        </test-method> <!-- cleanUp -->
        <test-method signature="serverTest(java.util.HashMap)[pri:0, instance:farnasutsho.AppiumFramework.IOS.VMessServerCheck@55de24cc]" started-at="2026-09-20T19:14:30 GMT+06:00" name="serverTest" data-provider="getData" finished-at="2026-09-20T19:14:58 GMT+06:00" duration-ms="28227" status="PASS">
          <params>
            <param index="0">
              <value>
                <![CDATA[{country=India, server=India - 13, numberofservers=multiple, ip=172.105.58.19}]]>
              </value>
            </param>
          </params>
          <reporter-output>
          </reporter-output>
        </test-method> <!-- serverTest -->
        <test-method is-config="true" signature="cleanUp(org.testng.ITestResult)[pri:0, instance:farnasutsho.AppiumFramework.IOS.VMessServerCheck@55de24cc]" started-at="2026-09-20T19:14:58 GMT+06:00" name="cleanUp" finished-at="2026-09-20T19:14:58 GMT+06:00" duration-ms="1" status="PASS">
          <params>
            <param index="0">
              <value>
                <![CDATA[[TestResult name=serverTest status=SUCCESS method=BaseServerStatusCheck.serverTest(java.util.HashMap)[pri:0, instance:farnasutsho.AppiumFramework.IOS.VMessServerCheck@55de24cc] output={null}]]]>
              </value>
            </param>
          </params>
          <reporter-output>
          </reporter-output>
        </test-method> <!-- cleanUp -->
        <test-method signature="serverTest(java.util.HashMap)[pri:0, instance:farnasutsho.AppiumFramework.IOS.VMessServerCheck@55de24cc]" started-at="2026-09-20T19:14:58 GMT+06:00" name="serverTest" data-provider="getData" finished-at="2026-09-20T19:15:27 GMT+06:00" duration-ms="29218" status="PASS">
          <params>
            <param index="0">
              <value>
                <![CDATA[{country=USA, server=USA - 10, numberofservers=multiple, ip=174.138.61.114}]]>
              </value>
            </param>
          </params>
          <reporter-output>
          </reporter-output>
        </test-method> <!-- serverTest -->
        <test-method is-config="true" signature="cleanUp(org.testng.ITestResult)[pri:0, instance:farnasutsho.AppiumFramework.IOS.VMessServerCheck@55de24cc]" started-at="2026-09-20T19:15:27 GMT+06:00" name="cleanUp" finished-at="2026-09-20T19:15:27 GMT+06:00" duration-ms="1" status="PASS">
          <params>
            <param index="0">
              <value>
                <![CDATA[[TestResult name=serverTest status=SUCCESS method=BaseServerStatusCheck.serverTest(java.util.HashMap)[pri:0, instance:farnasutsho.AppiumFramework.IOS.VMessServerCheck@55de24cc] output={null}]]]>
              </value>
            </param>
          </params>
          <reporter-output>
          </reporter-output>
        </test-method> <!-- cleanUp -->
        <test-method signature="serverTest(java.util.HashMap)[pri:0, instance:farnasutsho.AppiumFramework.IOS.VMessServerCheck@55de24cc]" started-at="2026-09-20T19:15:27 GMT+06:00" name="serverTest" data-provider="getData" finished-at="2026-09-20T19:15:54 GMT+06:00" duration-ms="26867" status="PASS">
          <params>
            <param index="0">
              <value>
                <![CDATA[{country=USA, server=USA - 20, numberofservers=multiple, ip=130.94.66.85}]]>
              </value>
            </param>
          </params>
          <reporter-output>
          </reporter-output>
        </test-method> <!-- serverTest -->
        <test-method is-config="true" signature="cleanUp(org.testng.ITestResult)[pri:0, instance:farnasutsho.AppiumFramework.IOS.VMessServerCheck@55de24cc]" started-at="2026-09-20T19:15:54 GMT+06:00" name="cleanUp" finished-at="2026-09-20T19:15:54 GMT+06:00" duration-ms="0" status="PASS">
          <params>
            <param index="0">
[...]
          <params>
            <param index="0">
              <value>
                <![CDATA[{country=HongKong, server=Hong Kong - 10, numberofservers=multiple, ip=158.255.208.111}]]>
              </value>
            </param>
          </params>
          <reporter-output>
          </reporter-output>
        </test-method> <!-- serverTest -->
        <test-method is-config="true" signature="cleanUp(org.testng.ITestResult)[pri:0, instance:farnasutsho.AppiumFramework.IOS.VMessServerCheck@55de24cc]" started-at="2026-09-20T19:57:43 GMT+06:00" name="cleanUp" finished-at="2026-09-20T19:57:43 GMT+06:00" duration-ms="1" status="PASS">
          <params>
            <param index="0">
              <value>
                <![CDATA[[TestResult name=serverTest status=SUCCESS method=BaseServerStatusCheck.serverTest(java.util.HashMap)[pri:0, instance:farnasutsho.AppiumFramework.IOS.VMessServerCheck@55de24cc] output={null}]]]>
              </value>
            </param>
          </params>
          <reporter-output>
          </reporter-output>
        </test-method> <!-- cleanUp -->
        <test-method signature="serverTest(java.util.HashMap)[pri:0, instance:farnasutsho.AppiumFramework.IOS.VMessServerCheck@55de24cc]" started-at="2026-09-20T19:57:43 GMT+06:00" name="serverTest" data-provider="getData" finished-at="2026-09-20T19:58:59 GMT+06:00" duration-ms="76387" status="FAIL">
          <params>
            <param index="0">
              <value>
                <![CDATA[{country=Greecce, server=Greecce - 1, numberofservers=single, ip=185.234.52.249}]]>
              </value>
            </param>
          </params>
          <exception class="org.openqa.selenium.TimeoutException">
            <message>
              <![CDATA[Expected condition failed: waiting for element found by AppiumBy.accessibilityId: Connected to be clickable, but the element was not visible.
(tried for 60 seconds with 500 milliseconds interval)
Build info: version: '4.49.0', revision: 'bedb24f bedb24f6f703876e7e4c5d506f0d697eb358c720'
System info: os.name: 'Mac OS X', os.arch: 'aarch64', os.version: '26.3.1', java.version: '26'
Driver info: io.appium.java_client.ios.IOSDriver
Capabilities {appium:automationName: XCuiTest, appium:bundleId: com.enovavpn.mobile, appium:databaseEnabled: false, appium:deviceName: iPhone, appium:javascriptEnabled: true, appium:locationContextEnabled: false, appium:networkConnectionEnabled: false, appium:noReset: true, appium:platformVersion: 26.6, appium:showXcodeLog: true, appium:takesScreenshot: true, appium:udid: 00008030-001630140E2B802E, appium:useNewWDA: true, appium:wdaLaunchTimeout: 100000, appium:webStorageEnabled: false, appium:xcodeOrgId: 37Q2WF67T5, appium:xcodeSigningId: iPhone Developer, platformName: IOS}
Session ID: 909835d4-caa2-4ff9-9aea-c94adc4331a2]]>
            </message>
            <full-stacktrace>
              <![CDATA[org.openqa.selenium.TimeoutException: Expected condition failed: waiting for element found by AppiumBy.accessibilityId: Connected to be clickable, but the element was not visible.
(tried for 60 seconds with 500 milliseconds interval)
Build info: version: '4.49.0', revision: 'bedb24f bedb24f6f703876e7e4c5d506f0d697eb358c720'
System info: os.name: 'Mac OS X', os.arch: 'aarch64', os.version: '26.3.1', java.version: '26'
Driver info: io.appium.java_client.ios.IOSDriver
Capabilities {appium:automationName: XCuiTest, appium:bundleId: com.enovavpn.mobile, appium:databaseEnabled: false, appium:deviceName: iPhone, appium:javascriptEnabled: true, appium:locationContextEnabled: false, appium:networkConnectionEnabled: false, appium:noReset: true, appium:platformVersion: 26.6, appium:showXcodeLog: true, appium:takesScreenshot: true, appium:udid: 00008030-001630140E2B802E, appium:useNewWDA: true, appium:wdaLaunchTimeout: 100000, appium:webStorageEnabled: false, appium:xcodeOrgId: 37Q2WF67T5, appium:xcodeSigningId: iPhone Developer, platformName: IOS}
Session ID: 909835d4-caa2-4ff9-9aea-c94adc4331a2
at org.openqa.selenium.support.ui.WebDriverWait.timeoutException(WebDriverWait.java:85)
at org.openqa.selenium.support.ui.FluentWait.until(FluentWait.java:234)
at farnasutsho.AppiumFramework.utils.IOSActions.clickElement(IOSActions.java:75)
at farnasutsho.AppiumFramework.iOS.IOSHomePage.clickconnect(IOSHomePage.java:129)
at farnasutsho.AppiumFramework.IOSBase.BaseServerStatusCheck.serverTest(BaseServerStatusCheck.java:148)
at java.base/jdk.internal.reflect.DirectMethodHandleAccessor.invoke(DirectMethodHandleAccessor.java:104)
at java.base/java.lang.reflect.Method.invoke(Method.java:565)
at org.testng.internal.invokers.MethodInvocationHelper.invokeMethod(MethodInvocationHelper.java:141)
at org.testng.internal.invokers.TestInvoker.invokeMethod(TestInvoker.java:687)
at org.testng.internal.invokers.TestInvoker.invokeTestMethod(TestInvoker.java:230)
at org.testng.internal.invokers.MethodRunner.runInSequence(MethodRunner.java:63)
at org.testng.internal.invokers.TestInvoker$MethodInvocationAgent.invoke(TestInvoker.java:995)
at org.testng.internal.invokers.TestInvoker.invokeTestMethods(TestInvoker.java:203)
at org.testng.internal.invokers.TestMethodWorker.invokeTestMethods(TestMethodWorker.java:154)
at org.testng.internal.invokers.TestMethodWorker.run(TestMethodWorker.java:134)
at java.base/java.util.ArrayList.forEach(ArrayList.java:1612)
at org.testng.TestRunner.privateRun(TestRunner.java:741)
at org.testng.TestRunner.run(TestRunner.java:616)
at org.testng.SuiteRunner.runTest(SuiteRunner.java:421)
at org.testng.SuiteRunner.runSequentially(SuiteRunner.java:413)
at org.testng.SuiteRunner.privateRun(SuiteRunner.java:373)
at org.testng.SuiteRunner.run(SuiteRunner.java:312)
at org.testng.SuiteRunnerWorker.runSuite(SuiteRunnerWorker.java:52)
at org.testng.SuiteRunnerWorker.run(SuiteRunnerWorker.java:95)
at org.testng.TestNG.runSuitesSequentially(TestNG.java:1274)
at org.testng.TestNG.runSuitesLocally(TestNG.java:1208)
at org.testng.TestNG.runSuites(TestNG.java:1112)
at org.testng.TestNG.run(TestNG.java:1079)
at org.testng.remote.AbstractRemoteTestNG.run(AbstractRemoteTestNG.java:115)
at org.testng.remote.RemoteTestNG.initAndRun(RemoteTestNG.java:293)
at org.testng.remote.RemoteTestNG.main(RemoteTestNG.java:91)
]]>
            </full-stacktrace>
          </exception> <!-- org.openqa.selenium.TimeoutException -->
          <reporter-output>
          </reporter-output>
        </test-method> <!-- serverTest -->
        <test-method is-config="true" signature="cleanUp(org.testng.ITestResult)[pri:0, instance:farnasutsho.AppiumFramework.IOS.VMessServerCheck@55de24cc]" started-at="2026-09-20T19:59:00 GMT+06:00" name="cleanUp" finished-at="2026-09-20T19:59:02 GMT+06:00" duration-ms="2670" status="PASS">
          <params>
            <param index="0">
              <value>
                <![CDATA[[TestResult name=serverTest status=FAILURE method=BaseServerStatusCheck.serverTest(java.util.HashMap)[pri:0, instance:farnasutsho.AppiumFramework.IOS.VMessServerCheck@55de24cc] output={null}]]]>
              </value>
            </param>
          </params>
          <reporter-output>
          </reporter-output>
        </test-method> <!-- cleanUp -->
        <test-method signature="serverTest(java.util.HashMap)[pri:0, instance:farnasutsho.AppiumFramework.IOS.VMessServerCheck@55de24cc]" started-at="2026-09-20T19:59:02 GMT+06:00" name="serverTest" data-provider="getData" finished-at="2026-09-20T20:00:18 GMT+06:00" duration-ms="75660" status="FAIL">
          <params>
            <param index="0">
              <value>
                <![CDATA[{country=Ireland, server=Ireland - 10, numberofservers=single, ip=194.26.213.42}]]>
              </value>
            </param>
          </params>
          <exception class="org.openqa.selenium.TimeoutException">
            <message>
              <![CDATA[Expected condition failed: waiting for element found by AppiumBy.accessibilityId: Connected to be clickable, but the element was not visible.
(tried for 60 seconds with 500 milliseconds interval)
Build info: version: '4.49.0', revision: 'bedb24f bedb24f6f703876e7e4c5d506f0d697eb358c720'
System info: os.name: 'Mac OS X', os.arch: 'aarch64', os.version: '26.3.1', java.version: '26'
Driver info: io.appium.java_client.ios.IOSDriver
Capabilities {appium:automationName: XCuiTest, appium:bundleId: com.enovavpn.mobile, appium:databaseEnabled: false, appium:deviceName: iPhone, appium:javascriptEnabled: true, appium:locationContextEnabled: false, appium:networkConnectionEnabled: false, appium:noReset: true, appium:platformVersion: 26.6, appium:showXcodeLog: true, appium:takesScreenshot: true, appium:udid: 00008030-001630140E2B802E, appium:useNewWDA: true, appium:wdaLaunchTimeout: 100000, appium:webStorageEnabled: false, appium:xcodeOrgId: 37Q2WF67T5, appium:xcodeSigningId: iPhone Developer, platformName: IOS}
Session ID: 909835d4-caa2-4ff9-9aea-c94adc4331a2]]>
            </message>
            <full-stacktrace>
              <![CDATA[org.openqa.selenium.TimeoutException: Expected condition failed: waiting for element found by AppiumBy.accessibilityId: Connected to be clickable, but the element was not visible.
(tried for 60 seconds with 500 milliseconds interval)
Build info: version: '4.49.0', revision: 'bedb24f bedb24f6f703876e7e4c5d506f0d697eb358c720'
System info: os.name: 'Mac OS X', os.arch: 'aarch64', os.version: '26.3.1', java.version: '26'
Driver info: io.appium.java_client.ios.IOSDriver
Capabilities {appium:automationName: XCuiTest, appium:bundleId: com.enovavpn.mobile, appium:databaseEnabled: false, appium:deviceName: iPhone, appium:javascriptEnabled: true, appium:locationContextEnabled: false, appium:networkConnectionEnabled: false, appium:noReset: true, appium:platformVersion: 26.6, appium:showXcodeLog: true, appium:takesScreenshot: true, appium:udid: 00008030-001630140E2B802E, appium:useNewWDA: true, appium:wdaLaunchTimeout: 100000, appium:webStorageEnabled: false, appium:xcodeOrgId: 37Q2WF67T5, appium:xcodeSigningId: iPhone Developer, platformName: IOS}
Session ID: 909835d4-caa2-4ff9-9aea-c94adc4331a2
at org.openqa.selenium.support.ui.WebDriverWait.timeoutException(WebDriverWait.java:85)
at org.openqa.selenium.support.ui.FluentWait.until(FluentWait.java:234)
at farnasutsho.AppiumFramework.utils.IOSActions.clickElement(IOSActions.java:75)
at farnasutsho.AppiumFramework.iOS.IOSHomePage.clickconnect(IOSHomePage.java:129)
at farnasutsho.AppiumFramework.IOSBase.BaseServerStatusCheck.serverTest(BaseServerStatusCheck.java:148)
at java.base/jdk.internal.reflect.DirectMethodHandleAccessor.invoke(DirectMethodHandleAccessor.java:104)
at java.base/java.lang.reflect.Method.invoke(Method.java:565)
at org.testng.internal.invokers.MethodInvocationHelper.invokeMethod(MethodInvocationHelper.java:141)
at org.testng.internal.invokers.TestInvoker.invokeMethod(TestInvoker.java:687)
at org.testng.internal.invokers.TestInvoker.invokeTestMethod(TestInvoker.java:230)
at org.testng.internal.invokers.MethodRunner.runInSequence(MethodRunner.java:63)
at org.testng.internal.invokers.TestInvoker$MethodInvocationAgent.invoke(TestInvoker.java:995)
at org.testng.internal.invokers.TestInvoker.invokeTestMethods(TestInvoker.java:203)
at org.testng.internal.invokers.TestMethodWorker.invokeTestMethods(TestMethodWorker.java:154)
at org.testng.internal.invokers.TestMethodWorker.run(TestMethodWorker.java:134)
at java.base/java.util.ArrayList.forEach(ArrayList.java:1612)
at org.testng.TestRunner.privateRun(TestRunner.java:741)
at org.testng.TestRunner.run(TestRunner.java:616)
at org.testng.SuiteRunner.runTest(SuiteRunner.java:421)
at org.testng.SuiteRunner.runSequentially(SuiteRunner.java:413)
at org.testng.SuiteRunner.privateRun(SuiteRunner.java:373)
at org.testng.SuiteRunner.run(SuiteRunner.java:312)
at org.testng.SuiteRunnerWorker.runSuite(SuiteRunnerWorker.java:52)
at org.testng.SuiteRunnerWorker.run(SuiteRunnerWorker.java:95)
at org.testng.TestNG.runSuitesSequentially(TestNG.java:1274)
at org.testng.TestNG.runSuitesLocally(TestNG.java:1208)
at org.testng.TestNG.runSuites(TestNG.java:1112)
at org.testng.TestNG.run(TestNG.java:1079)
at org.testng.remote.AbstractRemoteTestNG.run(AbstractRemoteTestNG.java:115)
at org.testng.remote.RemoteTestNG.initAndRun(RemoteTestNG.java:293)
at org.testng.remote.RemoteTestNG.main(RemoteTestNG.java:91)
]]>
            </full-stacktrace>
          </exception> <!-- org.openqa.selenium.TimeoutException -->
          <reporter-output>
          </reporter-output>
        </test-method> <!-- serverTest -->
        <test-method is-config="true" signature="cleanUp(org.testng.ITestResult)[pri:0, instance:farnasutsho.AppiumFramework.IOS.VMessServerCheck@55de24cc]" started-at="2026-09-20T20:00:18 GMT+06:00" name="cleanUp" finished-at="2026-09-20T20:00:21 GMT+06:00" duration-ms="2618" status="PASS">
          <params>
            <param index="0">
              <value>
                <![CDATA[[TestResult name=serverTest status=FAILURE method=BaseServerStatusCheck.serverTest(java.util.HashMap)[pri:0, instance:farnasutsho.AppiumFramework.IOS.VMessServerCheck@55de24cc] output={null}]]]>
              </value>
            </param>
          </params>
          <reporter-output>
          </reporter-output>
        </test-method> <!-- cleanUp -->
        <test-method signature="serverTest(java.util.HashMap)[pri:0, instance:farnasutsho.AppiumFramework.IOS.VMessServerCheck@55de24cc]" started-at="2026-09-20T20:00:21 GMT+06:00" name="serverTest" data-provider="getData" finished-at="2026-09-20T20:01:37 GMT+06:00" duration-ms="76066" status="FAIL">
          <params>
            <param index="0">
              <value>
                <![CDATA[{country=Czech Republic, server=Czech Republic, numberofservers=single, ip=185.122.186.101}]]>
              </value>
            </param>
          </params>
          <exception class="org.openqa.selenium.TimeoutException">
            <message>
              <![CDATA[Expected condition failed: waiting for element found by AppiumBy.accessibilityId: Connected to be clickable, but the element was not visible.
(tried for 60 seconds with 500 milliseconds interval)
Build info: version: '4.49.0', revision: 'bedb24f bedb24f6f703876e7e4c5d506f0d697eb358c720'
System info: os.name: 'Mac OS X', os.arch: 'aarch64', os.version: '26.3.1', java.version: '26'
Driver info: io.appium.java_client.ios.IOSDriver
Capabilities {appium:automationName: XCuiTest, appium:bundleId: com.enovavpn.mobile, appium:databaseEnabled: false, appium:deviceName: iPhone, appium:javascriptEnabled: true, appium:locationContextEnabled: false, appium:networkConnectionEnabled: false, appium:noReset: true, appium:platformVersion: 26.6, appium:showXcodeLog: true, appium:takesScreenshot: true, appium:udid: 00008030-001630140E2B802E, appium:useNewWDA: true, appium:wdaLaunchTimeout: 100000, appium:webStorageEnabled: false, appium:xcodeOrgId: 37Q2WF67T5, appium:xcodeSigningId: iPhone Developer, platformName: IOS}
Session ID: 909835d4-caa2-4ff9-9aea-c94adc4331a2]]>
            </message>
            <full-stacktrace>
              <![CDATA[org.openqa.selenium.TimeoutException: Expected condition failed: waiting for element found by AppiumBy.accessibilityId: Connected to be clickable, but the element was not visible.
(tried for 60 seconds with 500 milliseconds interval)
Build info: version: '4.49.0', revision: 'bedb24f bedb24f6f703876e7e4c5d506f0d697eb358c720'
System info: os.name: 'Mac OS X', os.arch: 'aarch64', os.version: '26.3.1', java.version: '26'
Driver info: io.appium.java_client.ios.IOSDriver
Capabilities {appium:automationName: XCuiTest, appium:bundleId: com.enovavpn.mobile, appium:databaseEnabled: false, appium:deviceName: iPhone, appium:javascriptEnabled: true, appium:locationContextEnabled: false, appium:networkConnectionEnabled: false, appium:noReset: true, appium:platformVersion: 26.6, appium:showXcodeLog: true, appium:takesScreenshot: true, appium:udid: 00008030-001630140E2B802E, appium:useNewWDA: true, appium:wdaLaunchTimeout: 100000, appium:webStorageEnabled: false, appium:xcodeOrgId: 37Q2WF67T5, appium:xcodeSigningId: iPhone Developer, platformName: IOS}
Session ID: 909835d4-caa2-4ff9-9aea-c94adc4331a2
at org.openqa.selenium.support.ui.WebDriverWait.timeoutException(WebDriverWait.java:85)
at org.openqa.selenium.support.ui.FluentWait.until(FluentWait.java:234)
at farnasutsho.AppiumFramework.utils.IOSActions.clickElement(IOSActions.java:75)
at farnasutsho.AppiumFramework.iOS.IOSHomePage.clickconnect(IOSHomePage.java:129)
at farnasutsho.AppiumFramework.IOSBase.BaseServerStatusCheck.serverTest(BaseServerStatusCheck.java:148)
at java.base/jdk.internal.reflect.DirectMethodHandleAccessor.invoke(DirectMethodHandleAccessor.java:104)
at java.base/java.lang.reflect.Method.invoke(Method.java:565)
at org.testng.internal.invokers.MethodInvocationHelper.invokeMethod(MethodInvocationHelper.java:141)
at org.testng.internal.invokers.TestInvoker.invokeMethod(TestInvoker.java:687)
at org.testng.internal.invokers.TestInvoker.invokeTestMethod(TestInvoker.java:230)
at org.testng.internal.invokers.MethodRunner.runInSequence(MethodRunner.java:63)
at org.testng.internal.invokers.TestInvoker$MethodInvocationAgent.invoke(TestInvoker.java:995)
at org.testng.internal.invokers.TestInvoker.invokeTestMethods(TestInvoker.java:203)
at org.testng.internal.invokers.TestMethodWorker.invokeTestMethods(TestMethodWorker.java:154)
at org.testng.internal.invokers.TestMethodWorker.run(TestMethodWorker.java:134)
at java.base/java.util.ArrayList.forEach(ArrayList.java:1612)
at org.testng.TestRunner.privateRun(TestRunner.java:741)
at org.testng.TestRunner.run(TestRunner.java:616)
at org.testng.SuiteRunner.runTest(SuiteRunner.java:421)
at org.testng.SuiteRunner.runSequentially(SuiteRunner.java:413)
at org.testng.SuiteRunner.privateRun(SuiteRunner.java:373)
at org.testng.SuiteRunner.run(SuiteRunner.java:312)
at org.testng.SuiteRunnerWorker.runSuite(SuiteRunnerWorker.java:52)
at org.testng.SuiteRunnerWorker.run(SuiteRunnerWorker.java:95)
at org.testng.TestNG.runSuitesSequentially(TestNG.java:1274)
at org.testng.TestNG.runSuitesLocally(TestNG.java:1208)
at org.testng.TestNG.runSuites(TestNG.java:1112)
at org.testng.TestNG.run(TestNG.java:1079)
at org.testng.remote.AbstractRemoteTestNG.run(AbstractRemoteTestNG.java:115)
at org.testng.remote.RemoteTestNG.initAndRun(RemoteTestNG.java:293)
at org.testng.remote.RemoteTestNG.main(RemoteTestNG.java:91)
]]>
            </full-stacktrace>
          </exception> <!-- org.openqa.selenium.TimeoutException -->
          <reporter-output>
          </reporter-output>
        </test-method> <!-- serverTest -->
        <test-method is-config="true" signature="cleanUp(org.testng.ITestResult)[pri:0, instance:farnasutsho.AppiumFramework.IOS.VMessServerCheck@55de24cc]" started-at="2026-09-20T20:01:37 GMT+06:00" name="cleanUp" finished-at="2026-09-20T20:01:40 GMT+06:00" duration-ms="2560" status="PASS">
          <params>
            <param index="0">
              <value>
                <![CDATA[[TestResult name=serverTest status=FAILURE method=BaseServerStatusCheck.serverTest(java.util.HashMap)[pri:0, instance:farnasutsho.AppiumFramework.IOS.VMessServerCheck@55de24cc] output={null}]]]>
              </value>
            </param>
          </params>
          <reporter-output>
          </reporter-output>
        </test-method> <!-- cleanUp -->
        <test-method is-config="true" signature="tearDown()[pri:0, instance:farnasutsho.AppiumFramework.IOS.VMessServerCheck@55de24cc]" started-at="2026-09-20T20:01:40 GMT+06:00" name="tearDown" finished-at="2026-09-20T20:01:40 GMT+06:00" duration-ms="231" status="PASS">
          <reporter-output>
          </reporter-output>
        </test-method> <!-- tearDown -->
      </class> <!-- farnasutsho.AppiumFramework.IOS.VMessServerCheck -->
    </test> <!-- Server Status check -->
  </suite> <!-- Suite -->
</testng-results>
