<?xml version="1.0" encoding="UTF-8"?>
<!-- Generated by org.testng.reporters.JUnitReportReporter -->
<testsuite hostname="Farnass-MacBook-Air.local" failures="0" tests="2" name="farnasutsho.AppiumFramework.VPNactivity_test" time="2.589" errors="1" timestamp="2026-05-31T11:56:17 GMT+06:00" skipped="1">
  <testcase classname="farnasutsho.AppiumFramework.VPNactivity_test" name="ConfigureAppium" time="2.589">
    <error message="Could not start a new session. Response code 500. Message: Neither ANDROID_HOME nor ANDROID_SDK_ROOT environment variable was exported. Read https://developer.android.com/studio/command-line/variables for more details 
Host info: host: &#039;Farnass-MacBook-Air.local&#039;, ip: &#039;fe80:0:0:0:1014:7cae:a039:7f3%en0&#039;
Build info: version: &#039;4.44.0&#039;, revision: &#039;da2039b&#039;
System info: os.name: &#039;Mac OS X&#039;, os.arch: &#039;aarch64&#039;, os.version: &#039;26.3.1&#039;, java.version: &#039;26&#039;
Driver info: io.appium.java_client.android.AndroidDriver
Command: [null, newSession {capabilities=[Capabilities {appium:appActivity: com.enovavpn.mobile.MainAct..., appium:appPackage: com.enovavpn.mobile, appium:appWaitActivity: com.enovavpn.mobile.MainAct..., appium:appWaitDuration: 60000, appium:automationName: UIAutomator2, appium:deviceName: Pixel 4, appium:fullReset: false, appium:noReset: true, platformName: ANDROID}]}]
Capabilities {appium:appActivity: com.enovavpn.mobile.MainAct..., appium:appPackage: com.enovavpn.mobile, appium:appWaitActivity: com.enovavpn.mobile.MainAct..., appium:appWaitDuration: 60000, appium:automationName: UIAutomator2, appium:deviceName: Pixel 4, appium:fullReset: false, appium:noReset: true, platformName: ANDROID}" type="org.openqa.selenium.SessionNotCreatedException">
      <![CDATA[org.openqa.selenium.SessionNotCreatedException: Could not start a new session. Response code 500. Message: Neither ANDROID_HOME nor ANDROID_SDK_ROOT environment variable was exported. Read https://developer.android.com/studio/command-line/variables for more details 
Host info: host: 'Farnass-MacBook-Air.local', ip: 'fe80:0:0:0:1014:7cae:a039:7f3%en0'
Build info: version: '4.44.0', revision: 'da2039b'
System info: os.name: 'Mac OS X', os.arch: 'aarch64', os.version: '26.3.1', java.version: '26'
Driver info: io.appium.java_client.android.AndroidDriver
Command: [null, newSession {capabilities=[Capabilities {appium:appActivity: com.enovavpn.mobile.MainAct..., appium:appPackage: com.enovavpn.mobile, appium:appWaitActivity: com.enovavpn.mobile.MainAct..., appium:appWaitDuration: 60000, appium:automationName: UIAutomator2, appium:deviceName: Pixel 4, appium:fullReset: false, appium:noReset: true, platformName: ANDROID}]}]
Capabilities {appium:appActivity: com.enovavpn.mobile.MainAct..., appium:appPackage: com.enovavpn.mobile, appium:appWaitActivity: com.enovavpn.mobile.MainAct..., appium:appWaitDuration: 60000, appium:automationName: UIAutomator2, appium:deviceName: Pixel 4, appium:fullReset: false, appium:noReset: true, platformName: ANDROID}
at org.openqa.selenium.remote.ProtocolHandshake.createSession(ProtocolHandshake.java:115)
at org.openqa.selenium.remote.ProtocolHandshake.createSession(ProtocolHandshake.java:76)
at org.openqa.selenium.remote.ProtocolHandshake.createSession(ProtocolHandshake.java:62)
at io.appium.java_client.remote.AppiumCommandExecutor.createSession(AppiumCommandExecutor.java:170)
at io.appium.java_client.remote.AppiumCommandExecutor.execute(AppiumCommandExecutor.java:235)
at org.openqa.selenium.remote.RemoteWebDriver.execute(RemoteWebDriver.java:600)
at io.appium.java_client.AppiumDriver.startSession(AppiumDriver.java:308)
at org.openqa.selenium.remote.RemoteWebDriver.<init>(RemoteWebDriver.java:217)
at org.openqa.selenium.remote.RemoteWebDriver.<init>(RemoteWebDriver.java:202)
at io.appium.java_client.AppiumDriver.<init>(AppiumDriver.java:98)
at io.appium.java_client.AppiumDriver.<init>(AppiumDriver.java:109)
at io.appium.java_client.android.AndroidDriver.<init>(AndroidDriver.java:108)
at farnasutsho.AppiumFramework.TestUtils.AndroidBaseTest.ConfigureAppium(AndroidBaseTest.java:52)
at java.base/jdk.internal.reflect.DirectMethodHandleAccessor.invoke(DirectMethodHandleAccessor.java:104)
at java.base/java.lang.reflect.Method.invoke(Method.java:565)
at org.testng.internal.invokers.MethodInvocationHelper.invokeMethod(MethodInvocationHelper.java:141)
at org.testng.internal.invokers.MethodInvocationHelper.invokeMethodConsideringTimeout(MethodInvocationHelper.java:71)
at org.testng.internal.invokers.ConfigInvoker.invokeConfigurationMethod(ConfigInvoker.java:400)
at org.testng.internal.invokers.ConfigInvoker.invokeConfigurations(ConfigInvoker.java:333)
at org.testng.internal.invokers.TestMethodWorker.invokeBeforeClassMethods(TestMethodWorker.java:188)
at org.testng.internal.invokers.TestMethodWorker.run(TestMethodWorker.java:128)
at java.base/java.util.ArrayList.forEach(ArrayList.java:1612)
at org.testng.TestRunner.privateRun(TestRunner.java:741)
at org.testng.TestRunner.run(TestRunner.java:616)
at org.testng.SuiteRunner.runTest(SuiteRunner.java:421)
at org.testng.SuiteRunner.runSequentially(SuiteRunner.java:413)
at org.testng.SuiteRunner.privateRun(SuiteRunner.java:373)
at org.testng.SuiteRunner.run(SuiteRunner.java:312)
at org.testng.SuiteRunnerWorker.runSuite(SuiteRunnerWorker.java:52)
at org.testng.SuiteRunnerWorker.run(SuiteRunnerWorker.java:95)
at org.testng.TestNG.runSuitesSequentially(TestNG.java:1274)
at org.testng.TestNG.runSuitesLocally(TestNG.java:1208)
at org.testng.TestNG.runSuites(TestNG.java:1112)
at org.testng.TestNG.run(TestNG.java:1079)
at org.testng.remote.AbstractRemoteTestNG.run(AbstractRemoteTestNG.java:115)
at org.testng.remote.RemoteTestNG.initAndRun(RemoteTestNG.java:293)
at org.testng.remote.RemoteTestNG.main(RemoteTestNG.java:91)
]]>
    </error>
  </testcase> <!-- ConfigureAppium -->
  <testcase classname="farnasutsho.AppiumFramework.VPNactivity_test" name="sreverSwitch" time="0.000">
    <skipped/>
  </testcase> <!-- sreverSwitch -->
</testsuite> <!-- farnasutsho.AppiumFramework.VPNactivity_test -->
