<?xml version="1.0" encoding="UTF-8"?>
<!-- Generated by org.testng.reporters.JUnitReportReporter -->
<testsuite hostname="Farnass-MacBook-Air.local" failures="0" tests="7" name="farnasutsho.AppiumFramework.IOS.WireGuardProtocol" time="344.178" errors="2" timestamp="2026-05-07T10:30:28 GMT+06:00" skipped="0">
  <testcase classname="farnasutsho.AppiumFramework.IOS.WireGuardProtocol" name="serverTest" time="57.476"/>
  <testcase classname="farnasutsho.AppiumFramework.IOS.WireGuardProtocol" name="serverTest" time="83.346">
    <error message="Expected condition failed: waiting for presence of element found by AppiumBy.iOSClassChain: **/XCUIElementTypeWindow[1]/XCUIElementTypeOther/XCUIElementTypeOther/XCUIElementTypeOther/XCUIElementTypeOther/XCUIElementTypeOther/XCUIElementTypeOther[2]/XCUIElementTypeOther[2]/XCUIElementTypeOther[2]/XCUIElementTypeOther[2]/XCUIElementTypeOther[2]/XCUIElementTypeOther[2]/XCUIElementTypeImage[3]
(tried for 60 seconds with 500 milliseconds interval)
Build info: version: &#039;4.43.0&#039;, revision: &#039;dd0f534&#039;
System info: os.name: &#039;Mac OS X&#039;, os.arch: &#039;aarch64&#039;, os.version: &#039;26.3.1&#039;, java.version: &#039;26&#039;
Driver info: io.appium.java_client.ios.IOSDriver
Capabilities {appium:automationName: XCuiTest, appium:bundleId: com.enovavpn.mobile, appium:databaseEnabled: false, appium:deviceName: iPad, appium:javascriptEnabled: true, appium:locationContextEnabled: false, appium:networkConnectionEnabled: false, appium:noReset: true, appium:platformVersion: 26.3, appium:showXcodeLog: true, appium:takesScreenshot: true, appium:udid: 00008101-000339611A79A01E, appium:useNewWDA: true, appium:wdaLaunchTimeout: 100000, appium:webStorageEnabled: false, appium:xcodeOrgId: 37Q2WF67T5, appium:xcodeSigningId: iPhone Developer, platformName: IOS}
Session ID: a3e8f346-8696-48f9-a50c-66add19693ce" type="org.openqa.selenium.TimeoutException">
      <![CDATA[org.openqa.selenium.TimeoutException: Expected condition failed: waiting for presence of element found by AppiumBy.iOSClassChain: **/XCUIElementTypeWindow[1]/XCUIElementTypeOther/XCUIElementTypeOther/XCUIElementTypeOther/XCUIElementTypeOther/XCUIElementTypeOther/XCUIElementTypeOther[2]/XCUIElementTypeOther[2]/XCUIElementTypeOther[2]/XCUIElementTypeOther[2]/XCUIElementTypeOther[2]/XCUIElementTypeOther[2]/XCUIElementTypeImage[3]
(tried for 60 seconds with 500 milliseconds interval)
Build info: version: '4.43.0', revision: 'dd0f534'
System info: os.name: 'Mac OS X', os.arch: 'aarch64', os.version: '26.3.1', java.version: '26'
Driver info: io.appium.java_client.ios.IOSDriver
Capabilities {appium:automationName: XCuiTest, appium:bundleId: com.enovavpn.mobile, appium:databaseEnabled: false, appium:deviceName: iPad, appium:javascriptEnabled: true, appium:locationContextEnabled: false, appium:networkConnectionEnabled: false, appium:noReset: true, appium:platformVersion: 26.3, appium:showXcodeLog: true, appium:takesScreenshot: true, appium:udid: 00008101-000339611A79A01E, appium:useNewWDA: true, appium:wdaLaunchTimeout: 100000, appium:webStorageEnabled: false, appium:xcodeOrgId: 37Q2WF67T5, appium:xcodeSigningId: iPhone Developer, platformName: IOS}
Session ID: a3e8f346-8696-48f9-a50c-66add19693ce
at org.openqa.selenium.support.ui.WebDriverWait.timeoutException(WebDriverWait.java:85)
at org.openqa.selenium.support.ui.FluentWait.until(FluentWait.java:234)
at farnasutsho.AppiumFramework.utils.IOSActions.clickElement(IOSActions.java:74)
at farnasutsho.AppiumFramework.iOS.IOSHomePage.clickconnect(IOSHomePage.java:64)
at farnasutsho.AppiumFramework.IOS.WireGuardProtocol.serverTest(WireGuardProtocol.java:61)
at java.base/jdk.internal.reflect.DirectMethodHandleAccessor.invoke(DirectMethodHandleAccessor.java:104)
at java.base/java.lang.reflect.Method.invoke(Method.java:565)
at org.testng.internal.invokers.MethodInvocationHelper.invokeMethod(MethodInvocationHelper.java:141)
at org.testng.internal.invokers.TestInvoker.invokeMethod(TestInvoker.java:687)
at org.testng.internal.invokers.TestInvoker.invokeTestMethod(TestInvoker.java:230)
at org.testng.internal.invokers.MethodRunner.runInSequence(MethodRunner.java:63)
at org.testng.internal.invokers.TestInvoker$MethodInvocationAgent.invoke(TestInvoker.java:995)
at org.testng.internal.invokers.TestInvoker.invokeTestMethods(TestInvoker.java:203)
at org.testng.internal.invokers.TestMethodWorker.invokeTestMethods(TestMethodWorker.java:154)
at org.testng.internal.invokers.TestMethodWorker.run(TestMethodWorker.java:134)
at java.base/java.util.ArrayList.forEach(ArrayList.java:1612)
at org.testng.TestRunner.privateRun(TestRunner.java:741)
at org.testng.TestRunner.run(TestRunner.java:616)
at org.testng.SuiteRunner.runTest(SuiteRunner.java:421)
at org.testng.SuiteRunner.runSequentially(SuiteRunner.java:413)
at org.testng.SuiteRunner.privateRun(SuiteRunner.java:373)
at org.testng.SuiteRunner.run(SuiteRunner.java:312)
at org.testng.SuiteRunnerWorker.runSuite(SuiteRunnerWorker.java:52)
at org.testng.SuiteRunnerWorker.run(SuiteRunnerWorker.java:95)
at org.testng.TestNG.runSuitesSequentially(TestNG.java:1274)
at org.testng.TestNG.runSuitesLocally(TestNG.java:1208)
at org.testng.TestNG.runSuites(TestNG.java:1112)
at org.testng.TestNG.run(TestNG.java:1079)
at org.testng.remote.AbstractRemoteTestNG.run(AbstractRemoteTestNG.java:115)
at org.testng.remote.RemoteTestNG.initAndRun(RemoteTestNG.java:293)
at org.testng.remote.RemoteTestNG.main(RemoteTestNG.java:91)
]]>
    </error>
  </testcase> <!-- serverTest -->
  <testcase classname="farnasutsho.AppiumFramework.IOS.WireGuardProtocol" name="serverTest" time="10.706">
    <error message="An element could not be located on the page using the given search parameters.
For documentation on this error, please visit: https://www.selenium.dev/documentation/webdriver/troubleshooting/errors#nosuchelementexception
Build info: version: &#039;4.43.0&#039;, revision: &#039;dd0f534&#039;
System info: os.name: &#039;Mac OS X&#039;, os.arch: &#039;aarch64&#039;, os.version: &#039;26.3.1&#039;, java.version: &#039;26&#039;
Driver info: io.appium.java_client.ios.IOSDriver
Command: [a3e8f346-8696-48f9-a50c-66add19693ce, findElement {value=name == &#039;Netherlands&#039;, using=-ios predicate string}]
Capabilities {appium:automationName: XCuiTest, appium:bundleId: com.enovavpn.mobile, appium:databaseEnabled: false, appium:deviceName: iPad, appium:javascriptEnabled: true, appium:locationContextEnabled: false, appium:networkConnectionEnabled: false, appium:noReset: true, appium:platformVersion: 26.3, appium:showXcodeLog: true, appium:takesScreenshot: true, appium:udid: 00008101-000339611A79A01E, appium:useNewWDA: true, appium:wdaLaunchTimeout: 100000, appium:webStorageEnabled: false, appium:xcodeOrgId: 37Q2WF67T5, appium:xcodeSigningId: iPhone Developer, platformName: IOS}
Session ID: a3e8f346-8696-48f9-a50c-66add19693ce" type="org.openqa.selenium.NoSuchElementException">
      <![CDATA[org.openqa.selenium.NoSuchElementException: An element could not be located on the page using the given search parameters.
For documentation on this error, please visit: https://www.selenium.dev/documentation/webdriver/troubleshooting/errors#nosuchelementexception
Build info: version: '4.43.0', revision: 'dd0f534'
System info: os.name: 'Mac OS X', os.arch: 'aarch64', os.version: '26.3.1', java.version: '26'
Driver info: io.appium.java_client.ios.IOSDriver
Command: [a3e8f346-8696-48f9-a50c-66add19693ce, findElement {value=name == 'Netherlands', using=-ios predicate string}]
Capabilities {appium:automationName: XCuiTest, appium:bundleId: com.enovavpn.mobile, appium:databaseEnabled: false, appium:deviceName: iPad, appium:javascriptEnabled: true, appium:locationContextEnabled: false, appium:networkConnectionEnabled: false, appium:noReset: true, appium:platformVersion: 26.3, appium:showXcodeLog: true, appium:takesScreenshot: true, appium:udid: 00008101-000339611A79A01E, appium:useNewWDA: true, appium:wdaLaunchTimeout: 100000, appium:webStorageEnabled: false, appium:xcodeOrgId: 37Q2WF67T5, appium:xcodeSigningId: iPhone Developer, platformName: IOS}
Session ID: a3e8f346-8696-48f9-a50c-66add19693ce
at org.openqa.selenium.remote.ErrorCodec.decode(ErrorCodec.java:169)
at org.openqa.selenium.remote.codec.w3c.W3CHttpResponseCodec.decode(W3CHttpResponseCodec.java:142)
at org.openqa.selenium.remote.codec.w3c.W3CHttpResponseCodec.decode(W3CHttpResponseCodec.java:49)
at org.openqa.selenium.remote.HttpCommandExecutor.execute(HttpCommandExecutor.java:223)
at io.appium.java_client.remote.AppiumCommandExecutor.execute(AppiumCommandExecutor.java:235)
at org.openqa.selenium.remote.RemoteWebDriver.execute(RemoteWebDriver.java:606)
at org.openqa.selenium.remote.ElementLocation$ElementFinder$2.findElement(ElementLocation.java:166)
at org.openqa.selenium.remote.ElementLocation.findElement(ElementLocation.java:60)
at org.openqa.selenium.remote.RemoteWebDriver.findElement(RemoteWebDriver.java:429)
at org.openqa.selenium.remote.RemoteWebDriver.findElement(RemoteWebDriver.java:423)
at farnasutsho.AppiumFramework.iOS.IOSLocationPage.SelectCountry(IOSLocationPage.java:49)
at farnasutsho.AppiumFramework.IOS.WireGuardProtocol.serverTest(WireGuardProtocol.java:57)
at java.base/jdk.internal.reflect.DirectMethodHandleAccessor.invoke(DirectMethodHandleAccessor.java:104)
at java.base/java.lang.reflect.Method.invoke(Method.java:565)
at org.testng.internal.invokers.MethodInvocationHelper.invokeMethod(MethodInvocationHelper.java:141)
at org.testng.internal.invokers.TestInvoker.invokeMethod(TestInvoker.java:687)
at org.testng.internal.invokers.TestInvoker.invokeTestMethod(TestInvoker.java:230)
at org.testng.internal.invokers.MethodRunner.runInSequence(MethodRunner.java:63)
at org.testng.internal.invokers.TestInvoker$MethodInvocationAgent.invoke(TestInvoker.java:995)
at org.testng.internal.invokers.TestInvoker.invokeTestMethods(TestInvoker.java:203)
at org.testng.internal.invokers.TestMethodWorker.invokeTestMethods(TestMethodWorker.java:154)
at org.testng.internal.invokers.TestMethodWorker.run(TestMethodWorker.java:134)
at java.base/java.util.ArrayList.forEach(ArrayList.java:1612)
at org.testng.TestRunner.privateRun(TestRunner.java:741)
at org.testng.TestRunner.run(TestRunner.java:616)
at org.testng.SuiteRunner.runTest(SuiteRunner.java:421)
at org.testng.SuiteRunner.runSequentially(SuiteRunner.java:413)
at org.testng.SuiteRunner.privateRun(SuiteRunner.java:373)
at org.testng.SuiteRunner.run(SuiteRunner.java:312)
at org.testng.SuiteRunnerWorker.runSuite(SuiteRunnerWorker.java:52)
at org.testng.SuiteRunnerWorker.run(SuiteRunnerWorker.java:95)
at org.testng.TestNG.runSuitesSequentially(TestNG.java:1274)
at org.testng.TestNG.runSuitesLocally(TestNG.java:1208)
at org.testng.TestNG.runSuites(TestNG.java:1112)
at org.testng.TestNG.run(TestNG.java:1079)
at org.testng.remote.AbstractRemoteTestNG.run(AbstractRemoteTestNG.java:115)
at org.testng.remote.RemoteTestNG.initAndRun(RemoteTestNG.java:293)
at org.testng.remote.RemoteTestNG.main(RemoteTestNG.java:91)
]]>
    </error>
  </testcase> <!-- serverTest -->
  <testcase classname="farnasutsho.AppiumFramework.IOS.WireGuardProtocol" name="serverTest" time="47.126"/>
  <testcase classname="farnasutsho.AppiumFramework.IOS.WireGuardProtocol" name="serverTest" time="48.230"/>
  <testcase classname="farnasutsho.AppiumFramework.IOS.WireGuardProtocol" name="serverTest" time="47.331"/>
  <testcase classname="farnasutsho.AppiumFramework.IOS.WireGuardProtocol" name="serverTest" time="49.963"/>
</testsuite> <!-- farnasutsho.AppiumFramework.IOS.WireGuardProtocol -->
