<?xml version="1.0" encoding="UTF-8"?>
<!-- Generated by org.testng.reporters.JUnitReportReporter -->
<testsuite hostname="Farnass-MacBook-Air.local" failures="1" tests="30" name="farnasutsho.AppiumFramework.IOSBase.VMessServerCheck" time="1769.892" errors="0" timestamp="2026-06-28T10:31:19 GMT+06:00" skipped="4">
  <testcase classname="farnasutsho.AppiumFramework.IOSBase.VMessServerCheck" name="serverTest" time="65.093"/>
  <testcase classname="farnasutsho.AppiumFramework.IOSBase.VMessServerCheck" name="serverTest" time="55.116"/>
  <testcase classname="farnasutsho.AppiumFramework.IOSBase.VMessServerCheck" name="serverTest" time="65.530"/>
  <testcase classname="farnasutsho.AppiumFramework.IOSBase.VMessServerCheck" name="serverTest" time="17.821">
    <skipped/>
  </testcase> <!-- serverTest -->
  <testcase classname="farnasutsho.AppiumFramework.IOSBase.VMessServerCheck" name="serverTest" time="64.345"/>
  <testcase classname="farnasutsho.AppiumFramework.IOSBase.VMessServerCheck" name="serverTest" time="55.811"/>
  <testcase classname="farnasutsho.AppiumFramework.IOSBase.VMessServerCheck" name="serverTest" time="54.880"/>
  <testcase classname="farnasutsho.AppiumFramework.IOSBase.VMessServerCheck" name="serverTest" time="64.582"/>
  <testcase classname="farnasutsho.AppiumFramework.IOSBase.VMessServerCheck" name="serverTest" time="65.171"/>
  <testcase classname="farnasutsho.AppiumFramework.IOSBase.VMessServerCheck" name="serverTest" time="57.962"/>
  <testcase classname="farnasutsho.AppiumFramework.IOSBase.VMessServerCheck" name="serverTest" time="53.773"/>
  <testcase classname="farnasutsho.AppiumFramework.IOSBase.VMessServerCheck" name="serverTest" time="63.015"/>
  <testcase classname="farnasutsho.AppiumFramework.IOSBase.VMessServerCheck" name="serverTest" time="36.504">
    <skipped/>
  </testcase> <!-- serverTest -->
  <testcase classname="farnasutsho.AppiumFramework.IOSBase.VMessServerCheck" name="serverTest" time="54.771"/>
  <testcase classname="farnasutsho.AppiumFramework.IOSBase.VMessServerCheck" name="serverTest" time="54.625"/>
  <testcase classname="farnasutsho.AppiumFramework.IOSBase.VMessServerCheck" name="serverTest" time="36.601">
    <skipped/>
  </testcase> <!-- serverTest -->
  <testcase classname="farnasutsho.AppiumFramework.IOSBase.VMessServerCheck" name="serverTest" time="119.870"/>
  <testcase classname="farnasutsho.AppiumFramework.IOSBase.VMessServerCheck" name="serverTest" time="55.039"/>
  <testcase classname="farnasutsho.AppiumFramework.IOSBase.VMessServerCheck" name="serverTest" time="35.566">
    <skipped/>
  </testcase> <!-- serverTest -->
  <testcase classname="farnasutsho.AppiumFramework.IOSBase.VMessServerCheck" name="serverTest" time="55.550"/>
  <testcase classname="farnasutsho.AppiumFramework.IOSBase.VMessServerCheck" name="serverTest" time="116.163">
    <failure message="expected [null] but found [172.105.101.88]" type="java.lang.AssertionError">
      <![CDATA[java.lang.AssertionError: expected [null] but found [172.105.101.88]
at org.testng.Assert.fail(Assert.java:111)
at org.testng.Assert.failNotEquals(Assert.java:1590)
at org.testng.Assert.assertEqualsImpl(Assert.java:150)
at org.testng.Assert.assertEquals(Assert.java:132)
at org.testng.Assert.assertEquals(Assert.java:656)
at org.testng.Assert.assertEquals(Assert.java:666)
at farnasutsho.AppiumFramework.IOS.ServerStatusCheck.serverTest(ServerStatusCheck.java:135)
at java.base/jdk.internal.reflect.DirectMethodHandleAccessor.invoke(DirectMethodHandleAccessor.java:104)
at java.base/java.lang.reflect.Method.invoke(Method.java:565)
at org.testng.internal.invokers.MethodInvocationHelper.invokeMethod(MethodInvocationHelper.java:141)
at org.testng.internal.invokers.TestInvoker.invokeMethod(TestInvoker.java:687)
at org.testng.internal.invokers.TestInvoker.invokeTestMethod(TestInvoker.java:230)
at org.testng.internal.invokers.MethodRunner.runInSequence(MethodRunner.java:63)
at org.testng.internal.invokers.TestInvoker$MethodInvocationAgent.invoke(TestInvoker.java:995)
at org.testng.internal.invokers.TestInvoker.invokeTestMethods(TestInvoker.java:203)
at org.testng.internal.invokers.TestMethodWorker.invokeTestMethods(TestMethodWorker.java:154)
at org.testng.internal.invokers.TestMethodWorker.run(TestMethodWorker.java:134)
at java.base/java.util.ArrayList.forEach(ArrayList.java:1612)
at org.testng.TestRunner.privateRun(TestRunner.java:741)
at org.testng.TestRunner.run(TestRunner.java:616)
at org.testng.SuiteRunner.runTest(SuiteRunner.java:421)
at org.testng.SuiteRunner.runSequentially(SuiteRunner.java:413)
at org.testng.SuiteRunner.privateRun(SuiteRunner.java:373)
at org.testng.SuiteRunner.run(SuiteRunner.java:312)
at org.testng.SuiteRunnerWorker.runSuite(SuiteRunnerWorker.java:52)
at org.testng.SuiteRunnerWorker.run(SuiteRunnerWorker.java:95)
at org.testng.TestNG.runSuitesSequentially(TestNG.java:1274)
at org.testng.TestNG.runSuitesLocally(TestNG.java:1208)
at org.testng.TestNG.runSuites(TestNG.java:1112)
at org.testng.TestNG.run(TestNG.java:1079)
at org.testng.remote.AbstractRemoteTestNG.run(AbstractRemoteTestNG.java:115)
at org.testng.remote.RemoteTestNG.initAndRun(RemoteTestNG.java:293)
at org.testng.remote.RemoteTestNG.main(RemoteTestNG.java:91)
]]>
    </failure>
  </testcase> <!-- serverTest -->
  <testcase classname="farnasutsho.AppiumFramework.IOSBase.VMessServerCheck" name="serverTest" time="55.539"/>
  <testcase classname="farnasutsho.AppiumFramework.IOSBase.VMessServerCheck" name="serverTest" time="54.733"/>
  <testcase classname="farnasutsho.AppiumFramework.IOSBase.VMessServerCheck" name="serverTest" time="55.089"/>
  <testcase classname="farnasutsho.AppiumFramework.IOSBase.VMessServerCheck" name="serverTest" time="63.208"/>
  <testcase classname="farnasutsho.AppiumFramework.IOSBase.VMessServerCheck" name="serverTest" time="54.722"/>
  <testcase classname="farnasutsho.AppiumFramework.IOSBase.VMessServerCheck" name="serverTest" time="65.526"/>
  <testcase classname="farnasutsho.AppiumFramework.IOSBase.VMessServerCheck" name="serverTest" time="64.276"/>
  <testcase classname="farnasutsho.AppiumFramework.IOSBase.VMessServerCheck" name="serverTest" time="54.855"/>
  <testcase classname="farnasutsho.AppiumFramework.IOSBase.VMessServerCheck" name="serverTest" time="54.156"/>
</testsuite> <!-- farnasutsho.AppiumFramework.IOSBase.VMessServerCheck -->
