<?xml version="1.0" encoding="UTF-8"?>
<!-- Generated by org.testng.reporters.JUnitReportReporter -->
<testsuite hostname="Farnass-MacBook-Air.local" failures="0" tests="6" name="farnasutsho.AppiumFramework.IOS.WireGuardProtocol" time="261.257" errors="0" timestamp="2026-06-07T09:57:58 GMT+06:00" skipped="3">
  <testcase classname="farnasutsho.AppiumFramework.IOS.WireGuardProtocol" name="serverTest" time="16.872">
    <skipped/>
  </testcase> <!-- serverTest -->
  <testcase classname="farnasutsho.AppiumFramework.IOS.WireGuardProtocol" name="serverTest" time="63.157"/>
  <testcase classname="farnasutsho.AppiumFramework.IOS.WireGuardProtocol" name="serverTest" time="63.658"/>
  <testcase classname="farnasutsho.AppiumFramework.IOS.WireGuardProtocol" name="serverTest" time="26.649">
    <skipped/>
  </testcase> <!-- serverTest -->
  <testcase classname="farnasutsho.AppiumFramework.IOS.WireGuardProtocol" name="serverTest" time="27.274">
    <skipped/>
  </testcase> <!-- serverTest -->
  <testcase classname="farnasutsho.AppiumFramework.IOS.WireGuardProtocol" name="serverTest" time="63.647"/>
</testsuite> <!-- farnasutsho.AppiumFramework.IOS.WireGuardProtocol -->
