<?xml version="1.0" encoding="UTF-8"?>
<!-- Generated by org.testng.reporters.JUnitReportReporter -->
<testsuite hostname="Farnass-MacBook-Air.local" failures="0" tests="1" name="farnasutsho.AppiumFramework.IOS.ServerStatusCheck_Test" time="39.940" errors="0" timestamp="2026-04-15T11:59:16 GMT+06:00" skipped="0">
  <testcase classname="farnasutsho.AppiumFramework.IOS.ServerStatusCheck_Test" name="serverTest" time="39.940"/>
</testsuite> <!-- farnasutsho.AppiumFramework.IOS.ServerStatusCheck_Test -->
